2025-04-20 11:51:07,089 P1677 [INFO] ************************************************************
2025-04-20 11:51:07,089 P1677 [INFO] ConfigSet _OnInstanceBoot
2025-04-20 11:51:07,093 P1677 [INFO] ++++++++++++++++++++++++++++++++++++++++++++++++++++++++++++
2025-04-20 11:51:07,093 P1677 [INFO] Config AWSEBBaseConfig
2025-04-20 11:51:07,485 P1677 [INFO] ============================================================
2025-04-20 11:51:07,485 P1677 [INFO] Command clearbackupfiles
2025-04-20 11:51:07,496 P1677 [INFO] Completed successfully.
2025-04-20 11:51:07,501 P1677 [INFO] ++++++++++++++++++++++++++++++++++++++++++++++++++++++++++++
2025-04-20 11:51:07,501 P1677 [INFO] Config AWSEBCfnHupEndpointOverride
2025-04-20 11:51:07,514 P1677 [INFO] ============================================================
2025-04-20 11:51:07,514 P1677 [INFO] Command clearbackupfiles
2025-04-20 11:51:07,519 P1677 [INFO] Completed successfully.
2025-04-20 11:53:10,866 P1941 [INFO] ************************************************************
2025-04-20 11:53:10,866 P1941 [INFO] ConfigSet Infra-EmbeddedPreBuild
2025-04-20 11:53:27,316 P2133 [INFO] ************************************************************
2025-04-20 11:53:27,316 P2133 [INFO] ConfigSet Infra-EmbeddedPostBuild
2025-04-20 11:53:27,318 P2133 [INFO] ++++++++++++++++++++++++++++++++++++++++++++++++++++++++++++
2025-04-20 11:53:27,318 P2133 [INFO] Config postbuild_0_api
2025-04-20 11:53:27,326 P2133 [INFO] ============================================================
2025-04-20 11:53:27,327 P2133 [INFO] Command 01_touch_logfile
2025-04-20 11:53:27,330 P2133 [INFO] Completed successfully.
2025-04-20 11:53:27,337 P2133 [INFO] ============================================================
2025-04-20 11:53:27,338 P2133 [INFO] Command 02_chown_logfile
2025-04-20 11:53:27,342 P2133 [INFO] Completed successfully.
2025-04-20 11:53:27,350 P2133 [INFO] ============================================================
2025-04-20 11:53:27,350 P2133 [INFO] Command 03_chmod_logfile
2025-04-20 11:53:27,353 P2133 [INFO] Completed successfully.
