2025-04-20 11:51:07,073 [INFO] -----------------------Starting build-----------------------
2025-04-20 11:51:07,086 [INFO] Running configSets: _OnInstanceBoot
2025-04-20 11:51:07,089 [INFO] Running configSet _OnInstanceBoot
2025-04-20 11:51:07,093 [INFO] Running config AWSEBBaseConfig
2025-04-20 11:51:07,496 [INFO] Command clearbackupfiles succeeded
2025-04-20 11:51:07,501 [INFO] Running config AWSEBCfnHupEndpointOverride
2025-04-20 11:51:07,519 [INFO] Command clearbackupfiles succeeded
2025-04-20 11:51:07,521 [INFO] ConfigSets completed
2025-04-20 11:51:07,521 [INFO] -----------------------Build complete-----------------------
2025-04-20 11:53:10,860 [INFO] -----------------------Starting build-----------------------
2025-04-20 11:53:10,864 [INFO] Running configSets: Infra-EmbeddedPreBuild
2025-04-20 11:53:10,866 [INFO] Running configSet Infra-EmbeddedPreBuild
2025-04-20 11:53:10,867 [INFO] ConfigSets completed
2025-04-20 11:53:10,867 [INFO] -----------------------Build complete-----------------------
2025-04-20 11:53:27,309 [INFO] -----------------------Starting build-----------------------
2025-04-20 11:53:27,313 [INFO] Running configSets: Infra-EmbeddedPostBuild
2025-04-20 11:53:27,316 [INFO] Running configSet Infra-EmbeddedPostBuild
2025-04-20 11:53:27,318 [INFO] Running config postbuild_0_api
2025-04-20 11:53:27,330 [INFO] Command 01_touch_logfile succeeded
2025-04-20 11:53:27,342 [INFO] Command 02_chown_logfile succeeded
2025-04-20 11:53:27,353 [INFO] Command 03_chmod_logfile succeeded
2025-04-20 11:53:27,354 [INFO] ConfigSets completed
2025-04-20 11:53:27,354 [INFO] -----------------------Build complete-----------------------
