2025-04-20 11:51:14,396 [DEBUG] CloudFormation client initialized with endpoint https://cloudformation.eu-north-1.amazonaws.com
2025-04-20 11:51:14,396 [DEBUG] SQS client initialized with endpoint https://sqs.eu-north-1.amazonaws.com
2025-04-20 11:51:14,396 [DEBUG] CloudFormation client initialized with endpoint https://cloudformation.eu-north-1.amazonaws.com
2025-04-20 11:51:14,396 [DEBUG] Enabled single threading mode.
2025-04-20 11:51:14,397 [DEBUG] Creating /var/lib/cfn-hup/data
2025-04-20 11:51:14,405 [INFO] No umask value specified in config file. Using the default one: 0o22
2025-04-20 11:51:14,503 [INFO] Pid: 1808
2025-04-20 11:51:14,993 [INFO] Refreshing listener credentials
2025-04-20 11:51:15,123 [INFO] Scheduling next credential refresh in 1799.0 seconds
2025-04-20 11:53:09,520 [INFO] Received command ElasticBeanstalkCommand-AWSEBAutoScalingGroup (invocation id: 05cc1a5f-fd2b-48b7-b882-bd1a99f3ab2e)
2025-04-20 11:53:09,520 [INFO] Running action for aws-eb-command-handler
2025-04-20 11:53:28,715 [INFO] Action for aws-eb-command-handler succeeded, returning SUCCESS
2025-04-20 11:56:29,132 [INFO] command processing is alive.
2025-04-20 11:57:18,230 [INFO] Received command ElasticBeanstalkCommand-AWSEBAutoScalingGroup (invocation id: 043d1a15-5a5c-4529-8467-086b3e1408b8)
2025-04-20 11:57:18,231 [INFO] Running action for aws-eb-command-handler
2025-04-20 11:57:18,999 [INFO] Action for aws-eb-command-handler succeeded, returning SUCCESS
2025-04-20 12:01:39,530 [INFO] command processing is alive.
2025-04-20 12:06:40,088 [INFO] command processing is alive.
2025-04-20 12:11:40,610 [INFO] command processing is alive.
2025-04-20 12:16:41,160 [INFO] command processing is alive.
2025-04-20 12:21:14,123 [INFO] Refreshing listener credentials
2025-04-20 12:21:14,213 [INFO] Scheduling next credential refresh in 1799.0 seconds
2025-04-20 12:21:41,688 [INFO] command processing is alive.
2025-04-20 12:26:42,201 [INFO] command processing is alive.
2025-04-20 12:31:42,731 [INFO] command processing is alive.
2025-04-20 12:34:42,940 [INFO] Received command ElasticBeanstalkCommand-AWSEBAutoScalingGroup (invocation id: 5bcd1a14-a183-4627-8140-878bef186482)
2025-04-20 12:34:42,940 [INFO] Running action for aws-eb-command-handler
