2025/04/20 11:51:09.327129 [INFO] Starting...
2025/04/20 11:51:09.327176 [INFO] Starting EBPlatform-PlatformEngine
2025/04/20 11:51:09.327282 [INFO] reading event message file
2025/04/20 11:51:09.327663 [INFO] Engine received EB command userdata-exec

2025/04/20 11:51:09.334539 [INFO] Running command: /opt/aws/bin/cfn-get-metadata -s arn:aws:cloudformation:eu-north-1:100932270422:stack/awseb-e-xq2swmh6hn-stack/9f8be9d0-1ddd-11f0-816b-06bbfa989087 -r AWSEBAutoScalingGroup --region eu-north-1
2025/04/20 11:51:11.016149 [INFO] Running command: /opt/aws/bin/cfn-get-metadata -s arn:aws:cloudformation:eu-north-1:100932270422:stack/awseb-e-xq2swmh6hn-stack/9f8be9d0-1ddd-11f0-816b-06bbfa989087 -r AWSEBBeanstalkMetadata --region eu-north-1
2025/04/20 11:51:11.809181 [INFO] This is a workflow controlled instance.
2025/04/20 11:51:11.809284 [INFO] Engine command: (env-launch)

2025/04/20 11:51:11.809710 [INFO] Executing instruction: SyncClock
2025/04/20 11:51:11.809715 [INFO] Starting SyncClock
2025/04/20 11:51:11.809724 [INFO] Running command: /usr/bin/chronyc tracking
2025/04/20 11:51:11.818543 [INFO] Reference ID    : A9FEA97B (169.254.169.123)
Stratum         : 4
Ref time (UTC)  : Sun Apr 20 11:51:10 2025
System time     : 0.000000000 seconds slow of NTP time
Last offset     : -1.034402609 seconds
RMS offset      : 1.034402609 seconds
Frequency       : 4.614 ppm slow
Residual freq   : +0.315 ppm
Skew            : 0.064 ppm
Root delay      : 0.000202045 seconds
Root dispersion : 0.000117435 seconds
Update interval : 0.0 seconds
Leap status     : Normal

2025/04/20 11:51:11.818561 [INFO] Running command: /usr/bin/chronyc -a makestep
2025/04/20 11:51:11.821755 [INFO] 200 OK

2025/04/20 11:51:11.822257 [INFO] Skipping Configure OS
2025/04/20 11:51:11.822266 [INFO] Skipping LockRepo
2025/04/20 11:51:11.822271 [INFO] Skipping GenerateEBBanner
2025/04/20 11:51:11.822277 [INFO] Skipping Install Process Manager
2025/04/20 11:51:11.822282 [INFO] Skipping install syslog
2025/04/20 11:51:11.822288 [INFO] Skipping install cron
2025/04/20 11:51:11.822293 [INFO] Skipping install proxy
2025/04/20 11:51:11.822298 [INFO] Skipping installhealthd
2025/04/20 11:51:11.822304 [INFO] Skipping Install Log Streaming Manager
2025/04/20 11:51:11.822309 [INFO] Skipping install X-Ray
2025/04/20 11:51:11.822314 [INFO] Skipping install Third Party License
2025/04/20 11:51:11.822319 [INFO] Skipping install httpd
2025/04/20 11:51:11.822326 [INFO] Instance has NOT been bootstrapped
2025/04/20 11:51:11.822329 [INFO] Executing instruction: installSqsd
2025/04/20 11:51:11.822335 [INFO] This is a web server environment instance, skip install sqsd daemon ...
2025/04/20 11:51:11.822340 [INFO] Instance has NOT been bootstrapped
2025/04/20 11:51:11.822343 [INFO] Executing instruction: bootstraphealthd
2025/04/20 11:51:11.822347 [INFO] this is an enhanced health env ...
2025/04/20 11:51:11.822358 [INFO] bootstrap healthd....
2025/04/20 11:51:11.822369 [INFO] Running command: /usr/bin/id -u healthd || /usr/sbin/useradd --user-group healthd -s /sbin/nologin --create-home
2025/04/20 11:51:12.011485 [INFO] /usr/bin/id: ‘healthd’: no such user

2025/04/20 11:51:12.012058 [INFO] bootstrap healthd....
2025/04/20 11:51:12.012079 [INFO] Running command: /usr/bin/id -u healthd || /usr/sbin/useradd --user-group healthd -s /sbin/nologin --create-home
2025/04/20 11:51:12.016639 [INFO] 1001

2025/04/20 11:51:12.016972 [INFO] configure bundle log for healthd...
2025/04/20 11:51:12.017040 [INFO] Executing instruction: GetSetupProxyLog
2025/04/20 11:51:12.017120 [INFO] Skipping Install yum packages
2025/04/20 11:51:12.017126 [INFO] Skipping Install Python Bundle
2025/04/20 11:51:12.017131 [INFO] Skipping Configure Python site-packages
2025/04/20 11:51:12.017137 [INFO] Skipping Install Python Modules
2025/04/20 11:51:12.017142 [INFO] Skipping MarkBaked
2025/04/20 11:51:12.017148 [INFO] Instance has NOT been bootstrapped
2025/04/20 11:51:12.017151 [INFO] Executing instruction: TuneSystemSettings
2025/04/20 11:51:12.017154 [INFO] Starting TuneSystemSettings
2025/04/20 11:51:12.017159 [INFO] Instance has NOT been bootstrapped
2025/04/20 11:51:12.019770 [INFO] Executing instruction: GetSetupLogRotate
2025/04/20 11:51:12.019779 [INFO] Initialize LogRotate files and directories
2025/04/20 11:51:12.037260 [INFO] Instance has NOT been bootstrapped
2025/04/20 11:51:12.037272 [INFO] Executing instruction: BootstrapCFNHup
2025/04/20 11:51:12.037275 [INFO] Bootstrap cfn-hup
2025/04/20 11:51:12.039338 [INFO] Copying file /opt/elasticbeanstalk/config/private/aws-eb-command-handler.conf to /etc/cfn/hooks.d/aws-eb-command-handler.conf
2025/04/20 11:51:12.041318 [INFO] Executing instruction: StartCFNHup
2025/04/20 11:51:12.041325 [INFO] Start cfn-hup
2025/04/20 11:51:12.041341 [INFO] Running command: systemctl show -p PartOf cfn-hup.service
2025/04/20 11:51:12.069650 [INFO] cfn-hup is not registered with EB yet, registering it now
2025/04/20 11:51:12.069682 [INFO] Running command: systemctl show -p PartOf cfn-hup.service
2025/04/20 11:51:12.090321 [INFO] Running command: systemctl daemon-reload
2025/04/20 11:51:12.627305 [INFO] Running command: systemctl reset-failed
2025/04/20 11:51:12.642108 [INFO] Running command: systemctl is-enabled aws-eb.target
2025/04/20 11:51:12.653154 [INFO] Running command: systemctl enable aws-eb.target
2025/04/20 11:51:13.204750 [INFO] Running command: systemctl start aws-eb.target
2025/04/20 11:51:13.220324 [INFO] Running command: systemctl enable cfn-hup.service
2025/04/20 11:51:13.805962 [INFO] Created symlink /etc/systemd/system/multi-user.target.wants/cfn-hup.service → /etc/systemd/system/cfn-hup.service.

2025/04/20 11:51:13.805993 [INFO] Running command: systemctl is-active cfn-hup.service
2025/04/20 11:51:13.819634 [INFO] cfn-hup process is not running, starting it now
2025/04/20 11:51:13.819659 [INFO] Running command: systemctl show -p PartOf cfn-hup.service
2025/04/20 11:51:13.833984 [INFO] Running command: systemctl is-active cfn-hup.service
2025/04/20 11:51:13.843272 [INFO] Running command: systemctl start cfn-hup.service
2025/04/20 11:51:13.946257 [INFO] Instance has NOT been bootstrapped
2025/04/20 11:51:13.946275 [INFO] Executing instruction: SetupPublishLogCronjob
2025/04/20 11:51:13.946279 [INFO] Setup publish logs cron job...
2025/04/20 11:51:13.946283 [INFO] Copying file /opt/elasticbeanstalk/config/private/logtasks/cron/publishlogs to /etc/cron.d/publishlogs
2025/04/20 11:51:13.948630 [INFO] Instance has NOT been bootstrapped
2025/04/20 11:51:13.948640 [INFO] Executing instruction: MarkBootstrapped
2025/04/20 11:51:13.948643 [INFO] Starting MarkBootstrapped
2025/04/20 11:51:13.948648 [INFO] Instance has NOT been bootstrapped
2025/04/20 11:51:13.948806 [INFO] Marked instance as Bootstrapped
2025/04/20 11:51:13.948814 [INFO] Executing instruction: Save CFN Stack Info
2025/04/20 11:51:13.948881 [INFO] Executing cleanup logic
2025/04/20 11:51:13.948892 [INFO] Platform Engine finished execution on command: env-launch

2025/04/20 11:53:09.527870 [INFO] Starting...
2025/04/20 11:53:09.527910 [INFO] Starting EBPlatform-PlatformEngine
2025/04/20 11:53:09.527943 [INFO] reading event message file
2025/04/20 11:53:09.528252 [INFO] Engine received EB command cfn-hup-exec

2025/04/20 11:53:09.604907 [INFO] Running command: /opt/aws/bin/cfn-get-metadata -s arn:aws:cloudformation:eu-north-1:100932270422:stack/awseb-e-xq2swmh6hn-stack/9f8be9d0-1ddd-11f0-816b-06bbfa989087 -r AWSEBAutoScalingGroup --region eu-north-1
2025/04/20 11:53:09.881869 [INFO] Running command: /opt/aws/bin/cfn-get-metadata -s arn:aws:cloudformation:eu-north-1:100932270422:stack/awseb-e-xq2swmh6hn-stack/9f8be9d0-1ddd-11f0-816b-06bbfa989087 -r AWSEBBeanstalkMetadata --region eu-north-1
2025/04/20 11:53:10.169662 [INFO] checking whether command app-deploy is applicable to this instance...
2025/04/20 11:53:10.169675 [INFO] this command is applicable to the instance, thus instance should execute command
2025/04/20 11:53:10.169677 [INFO] Engine command: (app-deploy)

2025/04/20 11:53:10.169681 [INFO] Downloading EB Application...
2025/04/20 11:53:10.169683 [INFO] Region: eu-north-1
2025/04/20 11:53:10.169685 [INFO] envID: e-xq2swmh6hn
2025/04/20 11:53:10.169692 [INFO] envBucket: elasticbeanstalk-eu-north-1-100932270422
2025/04/20 11:53:10.169694 [INFO] accountID: 100932270422
2025/04/20 11:53:10.169697 [INFO] Using manifest file name from command request
2025/04/20 11:53:10.169702 [INFO] Unable to get version manifest file.
2025/04/20 11:53:10.169704 [INFO] Downloading latest manifest available.
2025/04/20 11:53:10.169706 [INFO] Download latest app version manifest
2025/04/20 11:53:10.169843 [INFO] resources/environments/e-xq2swmh6hn/_runtime/versions/manifest
2025/04/20 11:53:10.215787 [INFO] latestManifest key *: resources/environments/e-xq2swmh6hn/_runtime/versions/manifest_1745149814530

2025/04/20 11:53:10.216010 [INFO] Downloading: bucket: elasticbeanstalk-eu-north-1-100932270422, object: resources/environments/e-xq2swmh6hn/_runtime/versions/manifest_1745149814530, expected bucket owner: 100932270422
2025/04/20 11:53:10.261243 [INFO] Download successful92bytes downloaded
2025/04/20 11:53:10.261322 [INFO] Trying to read and parse version manifest...
2025/04/20 11:53:10.261409 [INFO] Downloading: bucket: elasticbeanstalk-eu-north-1-100932270422, object: resources/environments/e-xq2swmh6hn/_runtime/_versions/api/v, expected bucket owner: 100932270422
2025/04/20 11:53:10.316493 [INFO] Download successful309419bytes downloaded
2025/04/20 11:53:10.316736 [INFO] Executing instruction: ElectLeader
2025/04/20 11:53:10.316742 [INFO] Running leader election for instance i-082614c5b6f0872f1...
2025/04/20 11:53:10.316744 [INFO] Calling the cfn-elect-cmd-leader to elect the command leader.
2025/04/20 11:53:10.316755 [INFO] Running command: /opt/aws/bin/cfn-elect-cmd-leader --stack arn:aws:cloudformation:eu-north-1:100932270422:stack/awseb-e-xq2swmh6hn-stack/9f8be9d0-1ddd-11f0-816b-06bbfa989087 --command-name ElasticBeanstalkCommand-AWSEBAutoScalingGroup --invocation-id 05cc1a5f-fd2b-48b7-b882-bd1a99f3ab2e --listener-id i-082614c5b6f0872f1 --region eu-north-1
2025/04/20 11:53:10.596835 [INFO] Instance is Leader.
2025/04/20 11:53:10.596876 [INFO] Executing instruction: stopSqsd
2025/04/20 11:53:10.596881 [INFO] This is a web server environment instance, skip stop sqsd daemon ...
2025/04/20 11:53:10.596883 [INFO] Executing instruction: PreBuildEbExtension
2025/04/20 11:53:10.596886 [INFO] Starting executing the config set Infra-EmbeddedPreBuild.
2025/04/20 11:53:10.596897 [INFO] Running command: /opt/aws/bin/cfn-init -s arn:aws:cloudformation:eu-north-1:100932270422:stack/awseb-e-xq2swmh6hn-stack/9f8be9d0-1ddd-11f0-816b-06bbfa989087 -r AWSEBAutoScalingGroup --region eu-north-1 --configsets Infra-EmbeddedPreBuild
2025/04/20 11:53:10.893796 [INFO] Finished executing the config set Infra-EmbeddedPreBuild.

2025/04/20 11:53:10.893819 [INFO] Executing instruction: StageApplication
2025/04/20 11:53:10.893822 [INFO] Recreating /var/app/staging/
2025/04/20 11:53:10.893935 [INFO] extracting /opt/elasticbeanstalk/deployment/app_source_bundle to /var/app/staging/
2025/04/20 11:53:10.893945 [INFO] Running command: /usr/bin/unzip -q -o /opt/elasticbeanstalk/deployment/app_source_bundle -d /var/app/staging/
2025/04/20 11:53:10.911421 [INFO] finished extracting /opt/elasticbeanstalk/deployment/app_source_bundle to /var/app/staging/ successfully
2025/04/20 11:53:10.913675 [INFO] Executing instruction: RunAppDeployPreBuildHooks
2025/04/20 11:53:10.913730 [INFO] Executing platform hooks in .platform/hooks/prebuild/
2025/04/20 11:53:10.913749 [INFO] The dir .platform/hooks/prebuild/ does not exist
2025/04/20 11:53:10.913751 [INFO] Finished running scripts in /var/app/staging/.platform/hooks/prebuild
2025/04/20 11:53:10.913756 [INFO] Executing instruction: InstallDependency
2025/04/20 11:53:10.913760 [INFO] checking dependencies file
2025/04/20 11:53:10.913770 [INFO] Installing dependencies with requirements.txt by using Pip
2025/04/20 11:53:10.913779 [INFO] Running command: /var/app/venv/staging-LQM1lest/bin/pip install -r requirements.txt
2025/04/20 11:53:24.892138 [INFO] Collecting Django==5.1.4 (from -r requirements.txt (line 2))
  Downloading Django-5.1.4-py3-none-any.whl.metadata (4.2 kB)
Collecting djangorestframework==3.15.2 (from -r requirements.txt (line 3))
  Downloading djangorestframework-3.15.2-py3-none-any.whl.metadata (10 kB)
Collecting djangorestframework-simplejwt==5.3.0 (from -r requirements.txt (line 4))
  Downloading djangorestframework_simplejwt-5.3.0-py3-none-any.whl.metadata (4.3 kB)
Collecting django-cors-headers==4.7.0 (from -r requirements.txt (line 5))
  Downloading django_cors_headers-4.7.0-py3-none-any.whl.metadata (16 kB)
Collecting django-environ==0.11.2 (from -r requirements.txt (line 6))
  Downloading django_environ-0.11.2-py2.py3-none-any.whl.metadata (11 kB)
Collecting django-filter==24.3 (from -r requirements.txt (line 7))
  Downloading django_filter-24.3-py3-none-any.whl.metadata (5.2 kB)
Collecting django-redis==5.4.0 (from -r requirements.txt (line 8))
  Downloading django_redis-5.4.0-py3-none-any.whl.metadata (32 kB)
Collecting django-storages==1.14.6 (from -r requirements.txt (line 9))
  Downloading django_storages-1.14.6-py3-none-any.whl.metadata (4.7 kB)
Collecting python-dotenv==1.0.1 (from -r requirements.txt (line 10))
  Downloading python_dotenv-1.0.1-py3-none-any.whl.metadata (23 kB)
Collecting health_check==3.4.1 (from -r requirements.txt (line 13))
  Downloading health_check-3.4.1-py2.py3-none-any.whl.metadata (8.4 kB)
Collecting channels==4.2.0 (from -r requirements.txt (line 16))
  Downloading channels-4.2.0-py3-none-any.whl.metadata (4.5 kB)
Collecting channels_redis==4.2.1 (from -r requirements.txt (line 17))
  Downloading channels_redis-4.2.1-py3-none-any.whl.metadata (12 kB)
Collecting social-auth-app-django==5.4.3 (from -r requirements.txt (line 20))
  Downloading social_auth_app_django-5.4.3-py3-none-any.whl.metadata (2.8 kB)
Collecting social-auth-core==4.5.4 (from -r requirements.txt (line 21))
  Downloading social_auth_core-4.5.4-py3-none-any.whl.metadata (4.1 kB)
Collecting psycopg2-binary==2.9.10 (from -r requirements.txt (line 24))
  Downloading psycopg2_binary-2.9.10-cp313-cp313-manylinux_2_17_x86_64.manylinux2014_x86_64.whl.metadata (4.9 kB)
Collecting boto3==1.37.36 (from -r requirements.txt (line 27))
  Downloading boto3-1.37.36-py3-none-any.whl.metadata (6.7 kB)
Collecting botocore==1.37.36 (from -r requirements.txt (line 28))
  Downloading botocore-1.37.36-py3-none-any.whl.metadata (5.7 kB)
Collecting redis==5.2.1 (from -r requirements.txt (line 31))
  Downloading redis-5.2.1-py3-none-any.whl.metadata (9.1 kB)
Collecting PyJWT==2.10.1 (from -r requirements.txt (line 34))
  Downloading PyJWT-2.10.1-py3-none-any.whl.metadata (4.0 kB)
Collecting pillow==11.1.0 (from -r requirements.txt (line 37))
  Downloading pillow-11.1.0-cp313-cp313-manylinux_2_28_x86_64.whl.metadata (9.1 kB)
Collecting drf-yasg==1.21.8 (from -r requirements.txt (line 40))
  Downloading drf_yasg-1.21.8-py3-none-any.whl.metadata (16 kB)
Collecting sqlparse==0.5.3 (from -r requirements.txt (line 43))
  Downloading sqlparse-0.5.3-py3-none-any.whl.metadata (3.9 kB)
Collecting asgiref<4,>=3.8.1 (from Django==5.1.4->-r requirements.txt (line 2))
  Downloading asgiref-3.8.1-py3-none-any.whl.metadata (9.3 kB)
Collecting GitPython>=1.0 (from health_check==3.4.1->-r requirements.txt (line 13))
  Downloading GitPython-3.1.44-py3-none-any.whl.metadata (13 kB)
Collecting pyyaml>=3.12 (from health_check==3.4.1->-r requirements.txt (line 13))
  Downloading PyYAML-6.0.2-cp313-cp313-manylinux_2_17_x86_64.manylinux2014_x86_64.whl.metadata (2.1 kB)
Collecting clinner>=1.2 (from health_check==3.4.1->-r requirements.txt (line 13))
  Downloading clinner-1.12.3-py3-none-any.whl.metadata (5.9 kB)
Collecting msgpack~=1.0 (from channels_redis==4.2.1->-r requirements.txt (line 17))
  Downloading msgpack-1.1.0-cp313-cp313-manylinux_2_17_x86_64.manylinux2014_x86_64.whl.metadata (8.4 kB)
Collecting requests>=2.9.1 (from social-auth-core==4.5.4->-r requirements.txt (line 21))
  Downloading requests-2.32.3-py3-none-any.whl.metadata (4.6 kB)
Collecting oauthlib>=1.0.3 (from social-auth-core==4.5.4->-r requirements.txt (line 21))
  Downloading oauthlib-3.2.2-py3-none-any.whl.metadata (7.5 kB)
Collecting requests-oauthlib>=0.6.1 (from social-auth-core==4.5.4->-r requirements.txt (line 21))
  Downloading requests_oauthlib-2.0.0-py2.py3-none-any.whl.metadata (11 kB)
Collecting cryptography>=1.4 (from social-auth-core==4.5.4->-r requirements.txt (line 21))
  Downloading cryptography-44.0.2-cp39-abi3-manylinux_2_34_x86_64.whl.metadata (5.7 kB)
Collecting defusedxml>=0.5.0rc1 (from social-auth-core==4.5.4->-r requirements.txt (line 21))
  Downloading defusedxml-0.8.0rc2-py2.py3-none-any.whl.metadata (33 kB)
Collecting python3-openid>=3.0.10 (from social-auth-core==4.5.4->-r requirements.txt (line 21))
  Downloading python3_openid-3.2.0-py3-none-any.whl.metadata (1.6 kB)
Collecting jmespath<2.0.0,>=0.7.1 (from boto3==1.37.36->-r requirements.txt (line 27))
  Downloading jmespath-1.0.1-py3-none-any.whl.metadata (7.6 kB)
Collecting s3transfer<0.12.0,>=0.11.0 (from boto3==1.37.36->-r requirements.txt (line 27))
  Downloading s3transfer-0.11.5-py3-none-any.whl.metadata (1.7 kB)
Collecting python-dateutil<3.0.0,>=2.1 (from botocore==1.37.36->-r requirements.txt (line 28))
  Downloading python_dateutil-2.9.0.post0-py2.py3-none-any.whl.metadata (8.4 kB)
Collecting urllib3!=2.2.0,<3,>=1.25.4 (from botocore==1.37.36->-r requirements.txt (line 28))
  Downloading urllib3-2.4.0-py3-none-any.whl.metadata (6.5 kB)
Collecting inflection>=0.3.1 (from drf-yasg==1.21.8->-r requirements.txt (line 40))
  Downloading inflection-0.5.1-py2.py3-none-any.whl.metadata (1.7 kB)
Requirement already satisfied: packaging>=21.0 in /var/app/venv/staging-LQM1lest/lib64/python3.13/site-packages (from drf-yasg==1.21.8->-r requirements.txt (line 40)) (24.2)
Collecting pytz>=2021.1 (from drf-yasg==1.21.8->-r requirements.txt (line 40))
  Downloading pytz-2025.2-py2.py3-none-any.whl.metadata (22 kB)
Collecting uritemplate>=3.0.0 (from drf-yasg==1.21.8->-r requirements.txt (line 40))
  Downloading uritemplate-4.1.1-py2.py3-none-any.whl.metadata (2.9 kB)
Collecting colorlog<4.0,>=3.1 (from clinner>=1.2->health_check==3.4.1->-r requirements.txt (line 13))
  Downloading colorlog-3.2.0-py2.py3-none-any.whl.metadata (9.3 kB)
Collecting cffi>=1.12 (from cryptography>=1.4->social-auth-core==4.5.4->-r requirements.txt (line 21))
  Downloading cffi-1.17.1-cp313-cp313-manylinux_2_17_x86_64.manylinux2014_x86_64.whl.metadata (1.5 kB)
Collecting gitdb<5,>=4.0.1 (from GitPython>=1.0->health_check==3.4.1->-r requirements.txt (line 13))
  Downloading gitdb-4.0.12-py3-none-any.whl.metadata (1.2 kB)
Collecting six>=1.5 (from python-dateutil<3.0.0,>=2.1->botocore==1.37.36->-r requirements.txt (line 28))
  Downloading six-1.17.0-py2.py3-none-any.whl.metadata (1.7 kB)
Collecting charset-normalizer<4,>=2 (from requests>=2.9.1->social-auth-core==4.5.4->-r requirements.txt (line 21))
  Downloading charset_normalizer-3.4.1-cp313-cp313-manylinux_2_17_x86_64.manylinux2014_x86_64.whl.metadata (35 kB)
Collecting idna<4,>=2.5 (from requests>=2.9.1->social-auth-core==4.5.4->-r requirements.txt (line 21))
  Downloading idna-3.10-py3-none-any.whl.metadata (10 kB)
Collecting certifi>=2017.4.17 (from requests>=2.9.1->social-auth-core==4.5.4->-r requirements.txt (line 21))
  Downloading certifi-2025.1.31-py3-none-any.whl.metadata (2.5 kB)
Collecting pycparser (from cffi>=1.12->cryptography>=1.4->social-auth-core==4.5.4->-r requirements.txt (line 21))
  Downloading pycparser-2.22-py3-none-any.whl.metadata (943 bytes)
Collecting smmap<6,>=3.0.1 (from gitdb<5,>=4.0.1->GitPython>=1.0->health_check==3.4.1->-r requirements.txt (line 13))
  Downloading smmap-5.0.2-py3-none-any.whl.metadata (4.3 kB)
Downloading Django-5.1.4-py3-none-any.whl (8.3 MB)
   ━━━━━━━━━━━━━━━━━━━━━━━━━━━━━━━━━━━━━━━━ 8.3/8.3 MB 134.3 MB/s eta 0:00:00
Downloading djangorestframework-3.15.2-py3-none-any.whl (1.1 MB)
   ━━━━━━━━━━━━━━━━━━━━━━━━━━━━━━━━━━━━━━━━ 1.1/1.1 MB 108.5 MB/s eta 0:00:00
Downloading djangorestframework_simplejwt-5.3.0-py3-none-any.whl (101 kB)
Downloading django_cors_headers-4.7.0-py3-none-any.whl (12 kB)
Downloading django_environ-0.11.2-py2.py3-none-any.whl (19 kB)
Downloading django_filter-24.3-py3-none-any.whl (95 kB)
Downloading django_redis-5.4.0-py3-none-any.whl (31 kB)
Downloading django_storages-1.14.6-py3-none-any.whl (33 kB)
Downloading python_dotenv-1.0.1-py3-none-any.whl (19 kB)
Downloading health_check-3.4.1-py2.py3-none-any.whl (905 kB)
   ━━━━━━━━━━━━━━━━━━━━━━━━━━━━━━━━━━━━━━━━ 905.3/905.3 kB 81.7 MB/s eta 0:00:00
Downloading channels-4.2.0-py3-none-any.whl (30 kB)
Downloading channels_redis-4.2.1-py3-none-any.whl (20 kB)
Downloading social_auth_app_django-5.4.3-py3-none-any.whl (26 kB)
Downloading social_auth_core-4.5.4-py3-none-any.whl (410 kB)
Downloading psycopg2_binary-2.9.10-cp313-cp313-manylinux_2_17_x86_64.manylinux2014_x86_64.whl (3.0 MB)
   ━━━━━━━━━━━━━━━━━━━━━━━━━━━━━━━━━━━━━━━━ 3.0/3.0 MB 167.5 MB/s eta 0:00:00
Downloading boto3-1.37.36-py3-none-any.whl (139 kB)
Downloading botocore-1.37.36-py3-none-any.whl (13.5 MB)
   ━━━━━━━━━━━━━━━━━━━━━━━━━━━━━━━━━━━━━━━━ 13.5/13.5 MB 33.6 MB/s eta 0:00:00
Downloading redis-5.2.1-py3-none-any.whl (261 kB)
Downloading PyJWT-2.10.1-py3-none-any.whl (22 kB)
Downloading pillow-11.1.0-cp313-cp313-manylinux_2_28_x86_64.whl (4.5 MB)
   ━━━━━━━━━━━━━━━━━━━━━━━━━━━━━━━━━━━━━━━━ 4.5/4.5 MB 126.2 MB/s eta 0:00:00
Downloading drf_yasg-1.21.8-py3-none-any.whl (4.3 MB)
   ━━━━━━━━━━━━━━━━━━━━━━━━━━━━━━━━━━━━━━━━ 4.3/4.3 MB 31.7 MB/s eta 0:00:00
Downloading sqlparse-0.5.3-py3-none-any.whl (44 kB)
Downloading asgiref-3.8.1-py3-none-any.whl (23 kB)
Downloading clinner-1.12.3-py3-none-any.whl (75 kB)
Downloading cryptography-44.0.2-cp39-abi3-manylinux_2_34_x86_64.whl (4.2 MB)
   ━━━━━━━━━━━━━━━━━━━━━━━━━━━━━━━━━━━━━━━━ 4.2/4.2 MB 185.9 MB/s eta 0:00:00
Downloading defusedxml-0.8.0rc2-py2.py3-none-any.whl (25 kB)
Downloading GitPython-3.1.44-py3-none-any.whl (207 kB)
Downloading inflection-0.5.1-py2.py3-none-any.whl (9.5 kB)
Downloading jmespath-1.0.1-py3-none-any.whl (20 kB)
Downloading msgpack-1.1.0-cp313-cp313-manylinux_2_17_x86_64.manylinux2014_x86_64.whl (399 kB)
Downloading oauthlib-3.2.2-py3-none-any.whl (151 kB)
Downloading python_dateutil-2.9.0.post0-py2.py3-none-any.whl (229 kB)
Downloading python3_openid-3.2.0-py3-none-any.whl (133 kB)
Downloading pytz-2025.2-py2.py3-none-any.whl (509 kB)
Downloading PyYAML-6.0.2-cp313-cp313-manylinux_2_17_x86_64.manylinux2014_x86_64.whl (759 kB)
   ━━━━━━━━━━━━━━━━━━━━━━━━━━━━━━━━━━━━━━━━ 759.5/759.5 kB 62.5 MB/s eta 0:00:00
Downloading requests-2.32.3-py3-none-any.whl (64 kB)
Downloading requests_oauthlib-2.0.0-py2.py3-none-any.whl (24 kB)
Downloading s3transfer-0.11.5-py3-none-any.whl (84 kB)
Downloading uritemplate-4.1.1-py2.py3-none-any.whl (10 kB)
Downloading urllib3-2.4.0-py3-none-any.whl (128 kB)
Downloading certifi-2025.1.31-py3-none-any.whl (166 kB)
Downloading cffi-1.17.1-cp313-cp313-manylinux_2_17_x86_64.manylinux2014_x86_64.whl (479 kB)
Downloading charset_normalizer-3.4.1-cp313-cp313-manylinux_2_17_x86_64.manylinux2014_x86_64.whl (144 kB)
Downloading colorlog-3.2.0-py2.py3-none-any.whl (17 kB)
Downloading gitdb-4.0.12-py3-none-any.whl (62 kB)
Downloading idna-3.10-py3-none-any.whl (70 kB)
Downloading six-1.17.0-py2.py3-none-any.whl (11 kB)
Downloading smmap-5.0.2-py3-none-any.whl (24 kB)
Downloading pycparser-2.22-py3-none-any.whl (117 kB)
Installing collected packages: pytz, colorlog, urllib3, uritemplate, sqlparse, smmap, six, redis, pyyaml, python-dotenv, PyJWT, pycparser, psycopg2-binary, pillow, oauthlib, msgpack, jmespath, inflection, idna, django-environ, defusedxml, clinner, charset-normalizer, certifi, asgiref, requests, python3-openid, python-dateutil, gitdb, Django, cffi, requests-oauthlib, GitPython, djangorestframework, django-storages, django-redis, django-filter, django-cors-headers, cryptography, channels, botocore, social-auth-core, s3transfer, health_check, drf-yasg, djangorestframework-simplejwt, channels_redis, social-auth-app-django, boto3
Successfully installed Django-5.1.4 GitPython-3.1.44 PyJWT-2.10.1 asgiref-3.8.1 boto3-1.37.36 botocore-1.37.36 certifi-2025.1.31 cffi-1.17.1 channels-4.2.0 channels_redis-4.2.1 charset-normalizer-3.4.1 clinner-1.12.3 colorlog-3.2.0 cryptography-44.0.2 defusedxml-0.8.0rc2 django-cors-headers-4.7.0 django-environ-0.11.2 django-filter-24.3 django-redis-5.4.0 django-storages-1.14.6 djangorestframework-3.15.2 djangorestframework-simplejwt-5.3.0 drf-yasg-1.21.8 gitdb-4.0.12 health_check-3.4.1 idna-3.10 inflection-0.5.1 jmespath-1.0.1 msgpack-1.1.0 oauthlib-3.2.2 pillow-11.1.0 psycopg2-binary-2.9.10 pycparser-2.22 python-dateutil-2.9.0.post0 python-dotenv-1.0.1 python3-openid-3.2.0 pytz-2025.2 pyyaml-6.0.2 redis-5.2.1 requests-2.32.3 requests-oauthlib-2.0.0 s3transfer-0.11.5 six-1.17.0 smmap-5.0.2 social-auth-app-django-5.4.3 social-auth-core-4.5.4 sqlparse-0.5.3 uritemplate-4.1.1 urllib3-2.4.0

2025/04/20 11:53:24.892183 [INFO] 
[notice] A new release of pip is available: 24.3.1 -> 25.0.1
[notice] To update, run: python3.13 -m pip install --upgrade pip

2025/04/20 11:53:24.892201 [INFO] Executing instruction: check Procfile
2025/04/20 11:53:24.892236 [INFO] detected Procfile in application source bundle ...
2025/04/20 11:53:24.892241 [INFO] Executing instruction: configure X-Ray
2025/04/20 11:53:24.892244 [INFO] X-Ray is not enabled.
2025/04/20 11:53:24.892246 [INFO] Executing instruction: configure proxy server
2025/04/20 11:53:24.892262 [INFO] Recreating /var/proxy/staging/nginx
2025/04/20 11:53:24.901305 [INFO] Executing instruction: configure healthd specific proxy conf
2025/04/20 11:53:24.903383 [INFO] Running command: systemctl show -p PartOf healthd.service
2025/04/20 11:53:24.954940 [INFO] Running command: systemctl daemon-reload
2025/04/20 11:53:25.172566 [INFO] Running command: systemctl reset-failed
2025/04/20 11:53:25.203121 [INFO] Running command: systemctl is-enabled aws-eb.target
2025/04/20 11:53:25.210226 [INFO] Running command: systemctl enable aws-eb.target
2025/04/20 11:53:25.465224 [INFO] Running command: systemctl start aws-eb.target
2025/04/20 11:53:25.496803 [INFO] Running command: systemctl enable healthd.service
2025/04/20 11:53:25.781231 [INFO] Created symlink /etc/systemd/system/multi-user.target.wants/healthd.service → /etc/systemd/system/healthd.service.

2025/04/20 11:53:25.781282 [INFO] Running command: systemctl show -p PartOf healthd.service
2025/04/20 11:53:25.816846 [INFO] Running command: systemctl is-active healthd.service
2025/04/20 11:53:25.824196 [INFO] Running command: systemctl start healthd.service
2025/04/20 11:53:25.892006 [INFO] Copying file /opt/elasticbeanstalk/config/private/healthd/healthd_logformat.conf to /var/proxy/staging/nginx/conf.d/healthd_logformat.conf
2025/04/20 11:53:25.893143 [INFO] Copying file /opt/elasticbeanstalk/config/private/healthd/healthd_nginx.conf to /var/proxy/staging/nginx/conf.d/elasticbeanstalk/healthd.conf
2025/04/20 11:53:25.894322 [INFO] Executing instruction: configure log streaming
2025/04/20 11:53:25.894330 [INFO] log streaming is not enabled
2025/04/20 11:53:25.894332 [INFO] disable log stream
2025/04/20 11:53:25.894341 [INFO] Running command: systemctl show -p PartOf amazon-cloudwatch-agent.service
2025/04/20 11:53:25.908084 [INFO] Running command: systemctl stop amazon-cloudwatch-agent.service
2025/04/20 11:53:25.922751 [INFO] Executing instruction: GetToggleForceRotate
2025/04/20 11:53:25.922772 [INFO] Checking if logs need forced rotation
2025/04/20 11:53:25.922790 [INFO] Running command: /opt/aws/bin/cfn-get-metadata -s arn:aws:cloudformation:eu-north-1:100932270422:stack/awseb-e-xq2swmh6hn-stack/9f8be9d0-1ddd-11f0-816b-06bbfa989087 -r AWSEBAutoScalingGroup --region eu-north-1
2025/04/20 11:53:26.282177 [INFO] Running command: /opt/aws/bin/cfn-get-metadata -s arn:aws:cloudformation:eu-north-1:100932270422:stack/awseb-e-xq2swmh6hn-stack/9f8be9d0-1ddd-11f0-816b-06bbfa989087 -r AWSEBBeanstalkMetadata --region eu-north-1
2025/04/20 11:53:26.644327 [INFO] Generating rsyslog config from Procfile
2025/04/20 11:53:26.646419 [INFO] Running command: systemctl restart rsyslog.service
2025/04/20 11:53:27.033143 [INFO] Executing instruction: PostBuildEbExtension
2025/04/20 11:53:27.033182 [INFO] Starting executing the config set Infra-EmbeddedPostBuild.
2025/04/20 11:53:27.033193 [INFO] Running command: /opt/aws/bin/cfn-init -s arn:aws:cloudformation:eu-north-1:100932270422:stack/awseb-e-xq2swmh6hn-stack/9f8be9d0-1ddd-11f0-816b-06bbfa989087 -r AWSEBAutoScalingGroup --region eu-north-1 --configsets Infra-EmbeddedPostBuild
2025/04/20 11:53:27.382626 [INFO] Finished executing the config set Infra-EmbeddedPostBuild.

2025/04/20 11:53:27.382653 [INFO] Executing instruction: CleanEbExtensions
2025/04/20 11:53:27.382760 [INFO] Cleaned ebextensions subdirectories from app staging directory.
2025/04/20 11:53:27.382764 [INFO] Executing instruction: RunAppDeployPreDeployHooks
2025/04/20 11:53:27.382778 [INFO] Executing platform hooks in .platform/hooks/predeploy/
2025/04/20 11:53:27.382796 [INFO] The dir .platform/hooks/predeploy/ does not exist
2025/04/20 11:53:27.382799 [INFO] Finished running scripts in /var/app/staging/.platform/hooks/predeploy
2025/04/20 11:53:27.382805 [INFO] Executing instruction: stop X-Ray
2025/04/20 11:53:27.382809 [INFO] stop X-Ray ...
2025/04/20 11:53:27.382818 [INFO] Running command: systemctl show -p PartOf xray.service
2025/04/20 11:53:27.395973 [WARN] stopProcess Warning: process xray is not registered 
2025/04/20 11:53:27.396006 [INFO] Running command: systemctl stop xray.service
2025/04/20 11:53:27.409640 [INFO] Executing instruction: stop proxy
2025/04/20 11:53:27.409668 [INFO] Running command: systemctl show -p PartOf httpd.service
2025/04/20 11:53:27.422822 [WARN] deregisterProcess Warning: process httpd is not registered, skipping...

2025/04/20 11:53:27.422847 [INFO] Running command: systemctl show -p PartOf nginx.service
2025/04/20 11:53:27.434657 [WARN] deregisterProcess Warning: process nginx is not registered, skipping...

2025/04/20 11:53:27.434675 [INFO] Executing instruction: FlipApplication
2025/04/20 11:53:27.434679 [INFO] Fetching environment variables...
2025/04/20 11:53:27.434855 [INFO] Purge old process...
2025/04/20 11:53:27.434868 [INFO] Removing /var/app/current/ if it exists
2025/04/20 11:53:27.434878 [INFO] Renaming /var/app/staging/ to /var/app/current/
2025/04/20 11:53:27.434896 [INFO] Register application processes...
2025/04/20 11:53:27.434900 [INFO] Registering the proc: web

2025/04/20 11:53:27.434908 [INFO] Running command: systemctl show -p PartOf web.service
2025/04/20 11:53:27.446003 [INFO] Running command: systemctl daemon-reload
2025/04/20 11:53:27.687300 [INFO] Running command: systemctl reset-failed
2025/04/20 11:53:27.694868 [INFO] Running command: systemctl is-enabled eb-app.target
2025/04/20 11:53:27.701322 [INFO] Copying file /opt/elasticbeanstalk/config/private/aws-eb.target to /etc/systemd/system/eb-app.target
2025/04/20 11:53:27.702631 [INFO] Running command: systemctl enable eb-app.target
2025/04/20 11:53:27.905581 [INFO] Created symlink /etc/systemd/system/multi-user.target.wants/eb-app.target → /etc/systemd/system/eb-app.target.

2025/04/20 11:53:27.905926 [INFO] Running command: systemctl start eb-app.target
2025/04/20 11:53:27.913983 [INFO] Running command: systemctl enable web.service
2025/04/20 11:53:28.175017 [INFO] Created symlink /etc/systemd/system/multi-user.target.wants/web.service → /etc/systemd/system/web.service.

2025/04/20 11:53:28.175042 [INFO] Running command: systemctl show -p PartOf web.service
2025/04/20 11:53:28.185201 [INFO] Running command: systemctl is-active web.service
2025/04/20 11:53:28.191807 [INFO] Running command: systemctl start web.service
2025/04/20 11:53:28.246402 [INFO] Executing instruction: start X-Ray
2025/04/20 11:53:28.246421 [INFO] X-Ray is not enabled.
2025/04/20 11:53:28.246425 [INFO] Executing instruction: start proxy with new configuration
2025/04/20 11:53:28.246448 [INFO] Running command: /usr/sbin/nginx -t -c /var/proxy/staging/nginx/nginx.conf
2025/04/20 11:53:28.299164 [INFO] nginx: [warn] could not build optimal types_hash, you should increase either types_hash_max_size: 1024 or types_hash_bucket_size: 64; ignoring types_hash_bucket_size
nginx: the configuration file /var/proxy/staging/nginx/nginx.conf syntax is ok
nginx: configuration file /var/proxy/staging/nginx/nginx.conf test is successful

2025/04/20 11:53:28.299328 [INFO] Running command: cp -rp /var/proxy/staging/nginx/* /etc/nginx
2025/04/20 11:53:28.306310 [INFO] Running command: systemctl show -p PartOf nginx.service
2025/04/20 11:53:28.327748 [INFO] Running command: systemctl daemon-reload
2025/04/20 11:53:28.581113 [INFO] Running command: systemctl reset-failed
2025/04/20 11:53:28.589561 [INFO] Running command: systemctl show -p PartOf nginx.service
2025/04/20 11:53:28.601593 [INFO] Running command: systemctl is-active nginx.service
2025/04/20 11:53:28.608910 [INFO] Running command: systemctl start nginx.service
2025/04/20 11:53:28.693381 [INFO] Executing instruction: configureSqsd
2025/04/20 11:53:28.693396 [INFO] This is a web server environment instance, skip configure sqsd daemon ...
2025/04/20 11:53:28.693399 [INFO] Executing instruction: startSqsd
2025/04/20 11:53:28.693401 [INFO] This is a web server environment instance, skip start sqsd daemon ...
2025/04/20 11:53:28.693404 [INFO] Executing instruction: Track pids in healthd
2025/04/20 11:53:28.693407 [INFO] This is an enhanced health env...
2025/04/20 11:53:28.693416 [INFO] Running command: systemctl show -p ConsistsOf aws-eb.target | cut -d= -f2
2025/04/20 11:53:28.703639 [INFO] cfn-hup.service healthd.service nginx.service

2025/04/20 11:53:28.703663 [INFO] Running command: systemctl show -p ConsistsOf eb-app.target | cut -d= -f2
2025/04/20 11:53:28.713240 [INFO] web.service

2025/04/20 11:53:28.713441 [INFO] Executing instruction: RunAppDeployPostDeployHooks
2025/04/20 11:53:28.713481 [INFO] Executing platform hooks in .platform/hooks/postdeploy/
2025/04/20 11:53:28.713507 [INFO] The dir .platform/hooks/postdeploy/ does not exist
2025/04/20 11:53:28.713510 [INFO] Finished running scripts in /var/app/current/.platform/hooks/postdeploy
2025/04/20 11:53:28.713515 [INFO] Executing cleanup logic
2025/04/20 11:53:28.713589 [INFO] CommandService Response: {"status":"SUCCESS","api_version":"1.0","results":[{"status":"SUCCESS","msg":"Engine execution has succeeded.","returncode":0,"events":[{"msg":"Instance deployment used the commands in your 'Procfile' to initiate startup of your application.","timestamp":1745150004892,"severity":"INFO"},{"msg":"Instance deployment completed successfully.","timestamp":1745150008713,"severity":"INFO"}]}]}

2025/04/20 11:53:28.713698 [INFO] Platform Engine finished execution on command: app-deploy

2025/04/20 11:57:18.237639 [INFO] Starting...
2025/04/20 11:57:18.237674 [INFO] Starting EBPlatform-PlatformEngine
2025/04/20 11:57:18.237707 [INFO] reading event message file
2025/04/20 11:57:18.237982 [INFO] Engine received EB command cfn-hup-exec

2025/04/20 11:57:18.301572 [INFO] Running command: /opt/aws/bin/cfn-get-metadata -s arn:aws:cloudformation:eu-north-1:100932270422:stack/awseb-e-xq2swmh6hn-stack/9f8be9d0-1ddd-11f0-816b-06bbfa989087 -r AWSEBAutoScalingGroup --region eu-north-1
2025/04/20 11:57:18.582074 [INFO] Running command: /opt/aws/bin/cfn-get-metadata -s arn:aws:cloudformation:eu-north-1:100932270422:stack/awseb-e-xq2swmh6hn-stack/9f8be9d0-1ddd-11f0-816b-06bbfa989087 -r AWSEBBeanstalkMetadata --region eu-north-1
2025/04/20 11:57:18.862930 [INFO] checking whether command tail-log is applicable to this instance...
2025/04/20 11:57:18.862942 [INFO] this command is applicable to the instance, thus instance should execute command
2025/04/20 11:57:18.862948 [INFO] Engine command: (tail-log)

2025/04/20 11:57:18.862998 [INFO] Executing instruction: GetTailLogs
2025/04/20 11:57:18.863002 [INFO] Tail Logs...
2025/04/20 11:57:18.863481 [INFO] Running command: tail -n 100 /var/log/web.stdout.log
2025/04/20 11:57:18.865624 [INFO] Running command: tail -n 100 /var/log/eb-engine.log
2025/04/20 11:57:18.867400 [INFO] Running command: tail -n 100 /var/log/eb-hooks.log
2025/04/20 11:57:18.868979 [INFO] Running command: tail -n 100 /var/log/nginx/access.log
2025/04/20 11:57:18.870579 [INFO] Running command: tail -n 100 /var/log/nginx/error.log
2025/04/20 11:57:18.997856 [INFO] Executing cleanup logic
2025/04/20 11:57:18.997923 [INFO] CommandService Response: {"status":"SUCCESS","api_version":"1.0","results":[{"status":"SUCCESS","msg":"Engine execution has succeeded.","returncode":0,"events":[{"msg":"Instance deployment completed successfully.","timestamp":1745150238997,"severity":"INFO"}]}]}

2025/04/20 11:57:18.997939 [INFO] Platform Engine finished execution on command: tail-log

2025/04/20 12:34:42.947121 [INFO] Starting...
2025/04/20 12:34:42.947161 [INFO] Starting EBPlatform-PlatformEngine
2025/04/20 12:34:42.947191 [INFO] reading event message file
2025/04/20 12:34:42.947494 [INFO] Engine received EB command cfn-hup-exec

2025/04/20 12:34:43.006229 [INFO] Running command: /opt/aws/bin/cfn-get-metadata -s arn:aws:cloudformation:eu-north-1:100932270422:stack/awseb-e-xq2swmh6hn-stack/9f8be9d0-1ddd-11f0-816b-06bbfa989087 -r AWSEBAutoScalingGroup --region eu-north-1
2025/04/20 12:34:43.284564 [INFO] Running command: /opt/aws/bin/cfn-get-metadata -s arn:aws:cloudformation:eu-north-1:100932270422:stack/awseb-e-xq2swmh6hn-stack/9f8be9d0-1ddd-11f0-816b-06bbfa989087 -r AWSEBBeanstalkMetadata --region eu-north-1
2025/04/20 12:34:43.563322 [INFO] checking whether command bundle-log is applicable to this instance...
2025/04/20 12:34:43.563336 [INFO] this command is applicable to the instance, thus instance should execute command
2025/04/20 12:34:43.563340 [INFO] Engine command: (bundle-log)

2025/04/20 12:34:43.563398 [INFO] Executing instruction: GetBundleLogs
2025/04/20 12:34:43.563401 [INFO] Bundle Logs...
