Apr 20 11:53:28 ip-172-31-10-104 web[2237]: [2025-04-20 11:53:28 +0000] [2237] [INFO] Starting gunicorn 23.0.0
Apr 20 11:53:28 ip-172-31-10-104 web[2237]: [2025-04-20 11:53:28 +0000] [2237] [INFO] Listening at: http://0.0.0.0:8000 (2237)
Apr 20 11:53:28 ip-172-31-10-104 web[2237]: [2025-04-20 11:53:28 +0000] [2237] [INFO] Using worker: sync
Apr 20 11:53:28 ip-172-31-10-104 web[2245]: [2025-04-20 11:53:28 +0000] [2245] [INFO] Booting worker with pid: 2245
Apr 20 11:53:28 ip-172-31-10-104 web[2245]: [2025-04-20 11:53:28 +0000] [2245] [ERROR] Exception in worker process
Apr 20 11:53:28 ip-172-31-10-104 web[2245]: Traceback (most recent call last):
Apr 20 11:53:28 ip-172-31-10-104 web[2245]:  File "/var/app/venv/staging-LQM1lest/lib64/python3.13/site-packages/gunicorn/arbiter.py", line 608, in spawn_worker
Apr 20 11:53:28 ip-172-31-10-104 web[2245]:    worker.init_process()
Apr 20 11:53:28 ip-172-31-10-104 web[2245]:    ~~~~~~~~~~~~~~~~~~~^^
Apr 20 11:53:28 ip-172-31-10-104 web[2245]:  File "/var/app/venv/staging-LQM1lest/lib64/python3.13/site-packages/gunicorn/workers/base.py", line 135, in init_process
Apr 20 11:53:28 ip-172-31-10-104 web[2245]:    self.load_wsgi()
Apr 20 11:53:28 ip-172-31-10-104 web[2245]:    ~~~~~~~~~~~~~~^^
Apr 20 11:53:28 ip-172-31-10-104 web[2245]:  File "/var/app/venv/staging-LQM1lest/lib64/python3.13/site-packages/gunicorn/workers/base.py", line 147, in load_wsgi
Apr 20 11:53:28 ip-172-31-10-104 web[2245]:    self.wsgi = self.app.wsgi()
Apr 20 11:53:28 ip-172-31-10-104 web[2245]:                ~~~~~~~~~~~~~^^
Apr 20 11:53:28 ip-172-31-10-104 web[2245]:  File "/var/app/venv/staging-LQM1lest/lib64/python3.13/site-packages/gunicorn/app/base.py", line 66, in wsgi
Apr 20 11:53:28 ip-172-31-10-104 web[2245]:    self.callable = self.load()
Apr 20 11:53:28 ip-172-31-10-104 web[2245]:                    ~~~~~~~~~^^
Apr 20 11:53:28 ip-172-31-10-104 web[2245]:  File "/var/app/venv/staging-LQM1lest/lib64/python3.13/site-packages/gunicorn/app/wsgiapp.py", line 57, in load
Apr 20 11:53:28 ip-172-31-10-104 web[2245]:    return self.load_wsgiapp()
Apr 20 11:53:28 ip-172-31-10-104 web[2245]:           ~~~~~~~~~~~~~~~~~^^
Apr 20 11:53:28 ip-172-31-10-104 web[2245]:  File "/var/app/venv/staging-LQM1lest/lib64/python3.13/site-packages/gunicorn/app/wsgiapp.py", line 47, in load_wsgiapp
Apr 20 11:53:28 ip-172-31-10-104 web[2245]:    return util.import_app(self.app_uri)
Apr 20 11:53:28 ip-172-31-10-104 web[2245]:           ~~~~~~~~~~~~~~~^^^^^^^^^^^^^^
Apr 20 11:53:28 ip-172-31-10-104 web[2245]:  File "/var/app/venv/staging-LQM1lest/lib64/python3.13/site-packages/gunicorn/util.py", line 370, in import_app
Apr 20 11:53:28 ip-172-31-10-104 web[2245]:    mod = importlib.import_module(module)
Apr 20 11:53:28 ip-172-31-10-104 web[2245]:  File "/usr/lib64/python3.13/importlib/__init__.py", line 88, in import_module
Apr 20 11:53:28 ip-172-31-10-104 web[2245]:    return _bootstrap._gcd_import(name[level:], package, level)
Apr 20 11:53:28 ip-172-31-10-104 web[2245]:           ~~~~~~~~~~~~~~~~~~~~~~^^^^^^^^^^^^^^^^^^^^^^^^^^^^^^
Apr 20 11:53:28 ip-172-31-10-104 web[2245]:  File "<frozen importlib._bootstrap>", line 1387, in _gcd_import
Apr 20 11:53:28 ip-172-31-10-104 web[2245]:  File "<frozen importlib._bootstrap>", line 1360, in _find_and_load
Apr 20 11:53:28 ip-172-31-10-104 web[2245]:  File "<frozen importlib._bootstrap>", line 1331, in _find_and_load_unlocked
Apr 20 11:53:28 ip-172-31-10-104 web[2245]:  File "<frozen importlib._bootstrap>", line 935, in _load_unlocked
Apr 20 11:53:28 ip-172-31-10-104 web[2245]:  File "<frozen importlib._bootstrap_external>", line 1026, in exec_module
Apr 20 11:53:28 ip-172-31-10-104 web[2245]:  File "<frozen importlib._bootstrap>", line 488, in _call_with_frames_removed
Apr 20 11:53:28 ip-172-31-10-104 web[2245]:  File "/var/app/current/bhara/wsgi.py", line 16, in <module>
Apr 20 11:53:28 ip-172-31-10-104 web[2245]:    application = get_wsgi_application()
Apr 20 11:53:28 ip-172-31-10-104 web[2245]:  File "/var/app/venv/staging-LQM1lest/lib64/python3.13/site-packages/django/core/wsgi.py", line 12, in get_wsgi_application
Apr 20 11:53:28 ip-172-31-10-104 web[2245]:    django.setup(set_prefix=False)
Apr 20 11:53:28 ip-172-31-10-104 web[2245]:    ~~~~~~~~~~~~^^^^^^^^^^^^^^^^^^
Apr 20 11:53:28 ip-172-31-10-104 web[2245]:  File "/var/app/venv/staging-LQM1lest/lib64/python3.13/site-packages/django/__init__.py", line 24, in setup
Apr 20 11:53:28 ip-172-31-10-104 web[2245]:    apps.populate(settings.INSTALLED_APPS)
Apr 20 11:53:28 ip-172-31-10-104 web[2245]:    ~~~~~~~~~~~~~^^^^^^^^^^^^^^^^^^^^^^^^^
Apr 20 11:53:28 ip-172-31-10-104 web[2245]:  File "/var/app/venv/staging-LQM1lest/lib64/python3.13/site-packages/django/apps/registry.py", line 91, in populate
Apr 20 11:53:28 ip-172-31-10-104 web[2245]:    app_config = AppConfig.create(entry)
Apr 20 11:53:28 ip-172-31-10-104 web[2245]:  File "/var/app/venv/staging-LQM1lest/lib64/python3.13/site-packages/django/apps/config.py", line 193, in create
Apr 20 11:53:28 ip-172-31-10-104 web[2245]:    import_module(entry)
Apr 20 11:53:28 ip-172-31-10-104 web[2245]:    ~~~~~~~~~~~~~^^^^^^^
Apr 20 11:53:28 ip-172-31-10-104 web[2245]:  File "/usr/lib64/python3.13/importlib/__init__.py", line 88, in import_module
Apr 20 11:53:28 ip-172-31-10-104 web[2245]:    return _bootstrap._gcd_import(name[level:], package, level)
Apr 20 11:53:28 ip-172-31-10-104 web[2245]:           ~~~~~~~~~~~~~~~~~~~~~~^^^^^^^^^^^^^^^^^^^^^^^^^^^^^^
Apr 20 11:53:28 ip-172-31-10-104 web[2245]:  File "<frozen importlib._bootstrap>", line 1387, in _gcd_import
Apr 20 11:53:28 ip-172-31-10-104 web[2245]:  File "<frozen importlib._bootstrap>", line 1360, in _find_and_load
Apr 20 11:53:28 ip-172-31-10-104 web[2245]:  File "<frozen importlib._bootstrap>", line 1331, in _find_and_load_unlocked
Apr 20 11:53:28 ip-172-31-10-104 web[2245]:  File "<frozen importlib._bootstrap>", line 935, in _load_unlocked
Apr 20 11:53:28 ip-172-31-10-104 web[2245]:  File "<frozen importlib._bootstrap_external>", line 1026, in exec_module
Apr 20 11:53:28 ip-172-31-10-104 web[2245]:  File "<frozen importlib._bootstrap>", line 488, in _call_with_frames_removed
Apr 20 11:53:28 ip-172-31-10-104 web[2245]:  File "/var/app/venv/staging-LQM1lest/lib64/python3.13/site-packages/rest_framework_simplejwt/__init__.py", line 1, in <module>
Apr 20 11:53:28 ip-172-31-10-104 web[2245]:    from pkg_resources import DistributionNotFound, get_distribution
Apr 20 11:53:28 ip-172-31-10-104 web[2245]: ModuleNotFoundError: No module named 'pkg_resources'
Apr 20 11:53:28 ip-172-31-10-104 web[2245]: [2025-04-20 11:53:28 +0000] [2245] [INFO] Worker exiting (pid: 2245)
Apr 20 11:53:28 ip-172-31-10-104 web[2237]: [2025-04-20 11:53:28 +0000] [2237] [ERROR] Worker (pid:2245) exited with code 3
Apr 20 11:53:28 ip-172-31-10-104 web[2237]: [2025-04-20 11:53:28 +0000] [2237] [ERROR] Shutting down: Master
Apr 20 11:53:28 ip-172-31-10-104 web[2237]: [2025-04-20 11:53:28 +0000] [2237] [ERROR] Reason: Worker failed to boot.
Apr 20 11:53:29 ip-172-31-10-104 web[2294]: [2025-04-20 11:53:29 +0000] [2294] [INFO] Starting gunicorn 23.0.0
Apr 20 11:53:29 ip-172-31-10-104 web[2294]: [2025-04-20 11:53:29 +0000] [2294] [INFO] Listening at: http://0.0.0.0:8000 (2294)
Apr 20 11:53:29 ip-172-31-10-104 web[2294]: [2025-04-20 11:53:29 +0000] [2294] [INFO] Using worker: sync
Apr 20 11:53:29 ip-172-31-10-104 web[2298]: [2025-04-20 11:53:29 +0000] [2298] [INFO] Booting worker with pid: 2298
Apr 20 11:53:29 ip-172-31-10-104 web[2298]: [2025-04-20 11:53:29 +0000] [2298] [ERROR] Exception in worker process
Apr 20 11:53:29 ip-172-31-10-104 web[2298]: Traceback (most recent call last):
Apr 20 11:53:29 ip-172-31-10-104 web[2298]:  File "/var/app/venv/staging-LQM1lest/lib64/python3.13/site-packages/gunicorn/arbiter.py", line 608, in spawn_worker
Apr 20 11:53:29 ip-172-31-10-104 web[2298]:    worker.init_process()
Apr 20 11:53:29 ip-172-31-10-104 web[2298]:    ~~~~~~~~~~~~~~~~~~~^^
Apr 20 11:53:29 ip-172-31-10-104 web[2298]:  File "/var/app/venv/staging-LQM1lest/lib64/python3.13/site-packages/gunicorn/workers/base.py", line 135, in init_process
Apr 20 11:53:29 ip-172-31-10-104 web[2298]:    self.load_wsgi()
Apr 20 11:53:29 ip-172-31-10-104 web[2298]:    ~~~~~~~~~~~~~~^^
Apr 20 11:53:29 ip-172-31-10-104 web[2298]:  File "/var/app/venv/staging-LQM1lest/lib64/python3.13/site-packages/gunicorn/workers/base.py", line 147, in load_wsgi
Apr 20 11:53:29 ip-172-31-10-104 web[2298]:    self.wsgi = self.app.wsgi()
Apr 20 11:53:29 ip-172-31-10-104 web[2298]:                ~~~~~~~~~~~~~^^
Apr 20 11:53:29 ip-172-31-10-104 web[2298]:  File "/var/app/venv/staging-LQM1lest/lib64/python3.13/site-packages/gunicorn/app/base.py", line 66, in wsgi
Apr 20 11:53:29 ip-172-31-10-104 web[2298]:    self.callable = self.load()
Apr 20 11:53:29 ip-172-31-10-104 web[2298]:                    ~~~~~~~~~^^
Apr 20 11:53:29 ip-172-31-10-104 web[2298]:  File "/var/app/venv/staging-LQM1lest/lib64/python3.13/site-packages/gunicorn/app/wsgiapp.py", line 57, in load
Apr 20 11:53:29 ip-172-31-10-104 web[2298]:    return self.load_wsgiapp()
Apr 20 11:53:29 ip-172-31-10-104 web[2298]:           ~~~~~~~~~~~~~~~~~^^
Apr 20 11:53:29 ip-172-31-10-104 web[2298]:  File "/var/app/venv/staging-LQM1lest/lib64/python3.13/site-packages/gunicorn/app/wsgiapp.py", line 47, in load_wsgiapp
Apr 20 11:53:29 ip-172-31-10-104 web[2298]:    return util.import_app(self.app_uri)
Apr 20 11:53:29 ip-172-31-10-104 web[2298]:           ~~~~~~~~~~~~~~~^^^^^^^^^^^^^^
Apr 20 11:53:29 ip-172-31-10-104 web[2298]:  File "/var/app/venv/staging-LQM1lest/lib64/python3.13/site-packages/gunicorn/util.py", line 370, in import_app
Apr 20 11:53:29 ip-172-31-10-104 web[2298]:    mod = importlib.import_module(module)
Apr 20 11:53:29 ip-172-31-10-104 web[2298]:  File "/usr/lib64/python3.13/importlib/__init__.py", line 88, in import_module
Apr 20 11:53:29 ip-172-31-10-104 web[2298]:    return _bootstrap._gcd_import(name[level:], package, level)
Apr 20 11:53:29 ip-172-31-10-104 web[2298]:           ~~~~~~~~~~~~~~~~~~~~~~^^^^^^^^^^^^^^^^^^^^^^^^^^^^^^
Apr 20 11:53:29 ip-172-31-10-104 web[2298]:  File "<frozen importlib._bootstrap>", line 1387, in _gcd_import
Apr 20 11:53:29 ip-172-31-10-104 web[2298]:  File "<frozen importlib._bootstrap>", line 1360, in _find_and_load
Apr 20 11:53:29 ip-172-31-10-104 web[2298]:  File "<frozen importlib._bootstrap>", line 1331, in _find_and_load_unlocked
Apr 20 11:53:29 ip-172-31-10-104 web[2298]:  File "<frozen importlib._bootstrap>", line 935, in _load_unlocked
Apr 20 11:53:29 ip-172-31-10-104 web[2298]:  File "<frozen importlib._bootstrap_external>", line 1026, in exec_module
Apr 20 11:53:29 ip-172-31-10-104 web[2298]:  File "<frozen importlib._bootstrap>", line 488, in _call_with_frames_removed
Apr 20 11:53:29 ip-172-31-10-104 web[2298]:  File "/var/app/current/bhara/wsgi.py", line 16, in <module>
Apr 20 11:53:29 ip-172-31-10-104 web[2298]:    application = get_wsgi_application()
Apr 20 11:53:29 ip-172-31-10-104 web[2298]:  File "/var/app/venv/staging-LQM1lest/lib64/python3.13/site-packages/django/core/wsgi.py", line 12, in get_wsgi_application
Apr 20 11:53:29 ip-172-31-10-104 web[2298]:    django.setup(set_prefix=False)
Apr 20 11:53:29 ip-172-31-10-104 web[2298]:    ~~~~~~~~~~~~^^^^^^^^^^^^^^^^^^
Apr 20 11:53:29 ip-172-31-10-104 web[2298]:  File "/var/app/venv/staging-LQM1lest/lib64/python3.13/site-packages/django/__init__.py", line 24, in setup
Apr 20 11:53:29 ip-172-31-10-104 web[2298]:    apps.populate(settings.INSTALLED_APPS)
Apr 20 11:53:29 ip-172-31-10-104 web[2298]:    ~~~~~~~~~~~~~^^^^^^^^^^^^^^^^^^^^^^^^^
Apr 20 11:53:29 ip-172-31-10-104 web[2298]:  File "/var/app/venv/staging-LQM1lest/lib64/python3.13/site-packages/django/apps/registry.py", line 91, in populate
Apr 20 11:53:29 ip-172-31-10-104 web[2298]:    app_config = AppConfig.create(entry)
Apr 20 11:53:29 ip-172-31-10-104 web[2298]:  File "/var/app/venv/staging-LQM1lest/lib64/python3.13/site-packages/django/apps/config.py", line 193, in create
Apr 20 11:53:29 ip-172-31-10-104 web[2298]:    import_module(entry)
Apr 20 11:53:29 ip-172-31-10-104 web[2298]:    ~~~~~~~~~~~~~^^^^^^^
Apr 20 11:53:29 ip-172-31-10-104 web[2298]:  File "/usr/lib64/python3.13/importlib/__init__.py", line 88, in import_module
Apr 20 11:53:29 ip-172-31-10-104 web[2298]:    return _bootstrap._gcd_import(name[level:], package, level)
Apr 20 11:53:29 ip-172-31-10-104 web[2298]:           ~~~~~~~~~~~~~~~~~~~~~~^^^^^^^^^^^^^^^^^^^^^^^^^^^^^^
Apr 20 11:53:29 ip-172-31-10-104 web[2298]:  File "<frozen importlib._bootstrap>", line 1387, in _gcd_import
Apr 20 11:53:29 ip-172-31-10-104 web[2298]:  File "<frozen importlib._bootstrap>", line 1360, in _find_and_load
Apr 20 11:53:29 ip-172-31-10-104 web[2298]:  File "<frozen importlib._bootstrap>", line 1331, in _find_and_load_unlocked
Apr 20 11:53:29 ip-172-31-10-104 web[2298]:  File "<frozen importlib._bootstrap>", line 935, in _load_unlocked
Apr 20 11:53:29 ip-172-31-10-104 web[2298]:  File "<frozen importlib._bootstrap_external>", line 1026, in exec_module
Apr 20 11:53:29 ip-172-31-10-104 web[2298]:  File "<frozen importlib._bootstrap>", line 488, in _call_with_frames_removed
Apr 20 11:53:29 ip-172-31-10-104 web[2298]:  File "/var/app/venv/staging-LQM1lest/lib64/python3.13/site-packages/rest_framework_simplejwt/__init__.py", line 1, in <module>
Apr 20 11:53:29 ip-172-31-10-104 web[2298]:    from pkg_resources import DistributionNotFound, get_distribution
Apr 20 11:53:29 ip-172-31-10-104 web[2298]: ModuleNotFoundError: No module named 'pkg_resources'
Apr 20 11:53:29 ip-172-31-10-104 web[2298]: [2025-04-20 11:53:29 +0000] [2298] [INFO] Worker exiting (pid: 2298)
Apr 20 11:53:29 ip-172-31-10-104 web[2294]: [2025-04-20 11:53:29 +0000] [2294] [ERROR] Worker (pid:2298) exited with code 3
Apr 20 11:53:29 ip-172-31-10-104 web[2294]: [2025-04-20 11:53:29 +0000] [2294] [ERROR] Shutting down: Master
Apr 20 11:53:29 ip-172-31-10-104 web[2294]: [2025-04-20 11:53:29 +0000] [2294] [ERROR] Reason: Worker failed to boot.
Apr 20 11:53:29 ip-172-31-10-104 web[2300]: [2025-04-20 11:53:29 +0000] [2300] [INFO] Starting gunicorn 23.0.0
Apr 20 11:53:29 ip-172-31-10-104 web[2300]: [2025-04-20 11:53:29 +0000] [2300] [INFO] Listening at: http://0.0.0.0:8000 (2300)
Apr 20 11:53:29 ip-172-31-10-104 web[2300]: [2025-04-20 11:53:29 +0000] [2300] [INFO] Using worker: sync
Apr 20 11:53:29 ip-172-31-10-104 web[2304]: [2025-04-20 11:53:29 +0000] [2304] [INFO] Booting worker with pid: 2304
Apr 20 11:53:29 ip-172-31-10-104 web[2304]: [2025-04-20 11:53:29 +0000] [2304] [ERROR] Exception in worker process
Apr 20 11:53:29 ip-172-31-10-104 web[2304]: Traceback (most recent call last):
Apr 20 11:53:29 ip-172-31-10-104 web[2304]:  File "/var/app/venv/staging-LQM1lest/lib64/python3.13/site-packages/gunicorn/arbiter.py", line 608, in spawn_worker
Apr 20 11:53:29 ip-172-31-10-104 web[2304]:    worker.init_process()
Apr 20 11:53:29 ip-172-31-10-104 web[2304]:    ~~~~~~~~~~~~~~~~~~~^^
Apr 20 11:53:29 ip-172-31-10-104 web[2304]:  File "/var/app/venv/staging-LQM1lest/lib64/python3.13/site-packages/gunicorn/workers/base.py", line 135, in init_process
Apr 20 11:53:29 ip-172-31-10-104 web[2304]:    self.load_wsgi()
Apr 20 11:53:29 ip-172-31-10-104 web[2304]:    ~~~~~~~~~~~~~~^^
Apr 20 11:53:29 ip-172-31-10-104 web[2304]:  File "/var/app/venv/staging-LQM1lest/lib64/python3.13/site-packages/gunicorn/workers/base.py", line 147, in load_wsgi
Apr 20 11:53:29 ip-172-31-10-104 web[2304]:    self.wsgi = self.app.wsgi()
Apr 20 11:53:29 ip-172-31-10-104 web[2304]:                ~~~~~~~~~~~~~^^
Apr 20 11:53:29 ip-172-31-10-104 web[2304]:  File "/var/app/venv/staging-LQM1lest/lib64/python3.13/site-packages/gunicorn/app/base.py", line 66, in wsgi
Apr 20 11:53:29 ip-172-31-10-104 web[2304]:    self.callable = self.load()
Apr 20 11:53:29 ip-172-31-10-104 web[2304]:                    ~~~~~~~~~^^
Apr 20 11:53:29 ip-172-31-10-104 web[2304]:  File "/var/app/venv/staging-LQM1lest/lib64/python3.13/site-packages/gunicorn/app/wsgiapp.py", line 57, in load
Apr 20 11:53:29 ip-172-31-10-104 web[2304]:    return self.load_wsgiapp()
Apr 20 11:53:29 ip-172-31-10-104 web[2304]:           ~~~~~~~~~~~~~~~~~^^
Apr 20 11:53:29 ip-172-31-10-104 web[2304]:  File "/var/app/venv/staging-LQM1lest/lib64/python3.13/site-packages/gunicorn/app/wsgiapp.py", line 47, in load_wsgiapp
Apr 20 11:53:29 ip-172-31-10-104 web[2304]:    return util.import_app(self.app_uri)
Apr 20 11:53:29 ip-172-31-10-104 web[2304]:           ~~~~~~~~~~~~~~~^^^^^^^^^^^^^^
Apr 20 11:53:29 ip-172-31-10-104 web[2304]:  File "/var/app/venv/staging-LQM1lest/lib64/python3.13/site-packages/gunicorn/util.py", line 370, in import_app
Apr 20 11:53:29 ip-172-31-10-104 web[2304]:    mod = importlib.import_module(module)
Apr 20 11:53:29 ip-172-31-10-104 web[2304]:  File "/usr/lib64/python3.13/importlib/__init__.py", line 88, in import_module
Apr 20 11:53:29 ip-172-31-10-104 web[2304]:    return _bootstrap._gcd_import(name[level:], package, level)
Apr 20 11:53:29 ip-172-31-10-104 web[2304]:           ~~~~~~~~~~~~~~~~~~~~~~^^^^^^^^^^^^^^^^^^^^^^^^^^^^^^
Apr 20 11:53:29 ip-172-31-10-104 web[2304]:  File "<frozen importlib._bootstrap>", line 1387, in _gcd_import
Apr 20 11:53:29 ip-172-31-10-104 web[2304]:  File "<frozen importlib._bootstrap>", line 1360, in _find_and_load
Apr 20 11:53:29 ip-172-31-10-104 web[2304]:  File "<frozen importlib._bootstrap>", line 1331, in _find_and_load_unlocked
Apr 20 11:53:29 ip-172-31-10-104 web[2304]:  File "<frozen importlib._bootstrap>", line 935, in _load_unlocked
Apr 20 11:53:29 ip-172-31-10-104 web[2304]:  File "<frozen importlib._bootstrap_external>", line 1026, in exec_module
Apr 20 11:53:29 ip-172-31-10-104 web[2304]:  File "<frozen importlib._bootstrap>", line 488, in _call_with_frames_removed
Apr 20 11:53:29 ip-172-31-10-104 web[2304]:  File "/var/app/current/bhara/wsgi.py", line 16, in <module>
Apr 20 11:53:29 ip-172-31-10-104 web[2304]:    application = get_wsgi_application()
Apr 20 11:53:29 ip-172-31-10-104 web[2304]:  File "/var/app/venv/staging-LQM1lest/lib64/python3.13/site-packages/django/core/wsgi.py", line 12, in get_wsgi_application
Apr 20 11:53:29 ip-172-31-10-104 web[2304]:    django.setup(set_prefix=False)
Apr 20 11:53:29 ip-172-31-10-104 web[2304]:    ~~~~~~~~~~~~^^^^^^^^^^^^^^^^^^
Apr 20 11:53:29 ip-172-31-10-104 web[2304]:  File "/var/app/venv/staging-LQM1lest/lib64/python3.13/site-packages/django/__init__.py", line 24, in setup
Apr 20 11:53:29 ip-172-31-10-104 web[2304]:    apps.populate(settings.INSTALLED_APPS)
Apr 20 11:53:29 ip-172-31-10-104 web[2304]:    ~~~~~~~~~~~~~^^^^^^^^^^^^^^^^^^^^^^^^^
Apr 20 11:53:29 ip-172-31-10-104 web[2304]:  File "/var/app/venv/staging-LQM1lest/lib64/python3.13/site-packages/django/apps/registry.py", line 91, in populate
Apr 20 11:53:29 ip-172-31-10-104 web[2304]:    app_config = AppConfig.create(entry)
Apr 20 11:53:29 ip-172-31-10-104 web[2304]:  File "/var/app/venv/staging-LQM1lest/lib64/python3.13/site-packages/django/apps/config.py", line 193, in create
Apr 20 11:53:29 ip-172-31-10-104 web[2304]:    import_module(entry)
Apr 20 11:53:29 ip-172-31-10-104 web[2304]:    ~~~~~~~~~~~~~^^^^^^^
Apr 20 11:53:29 ip-172-31-10-104 web[2304]:  File "/usr/lib64/python3.13/importlib/__init__.py", line 88, in import_module
Apr 20 11:53:29 ip-172-31-10-104 web[2304]:    return _bootstrap._gcd_import(name[level:], package, level)
Apr 20 11:53:29 ip-172-31-10-104 web[2304]:           ~~~~~~~~~~~~~~~~~~~~~~^^^^^^^^^^^^^^^^^^^^^^^^^^^^^^
Apr 20 11:53:29 ip-172-31-10-104 web[2304]:  File "<frozen importlib._bootstrap>", line 1387, in _gcd_import
Apr 20 11:53:29 ip-172-31-10-104 web[2304]:  File "<frozen importlib._bootstrap>", line 1360, in _find_and_load
Apr 20 11:53:29 ip-172-31-10-104 web[2304]:  File "<frozen importlib._bootstrap>", line 1331, in _find_and_load_unlocked
Apr 20 11:53:29 ip-172-31-10-104 web[2304]:  File "<frozen importlib._bootstrap>", line 935, in _load_unlocked
Apr 20 11:53:29 ip-172-31-10-104 web[2304]:  File "<frozen importlib._bootstrap_external>", line 1026, in exec_module
Apr 20 11:53:29 ip-172-31-10-104 web[2304]:  File "<frozen importlib._bootstrap>", line 488, in _call_with_frames_removed
Apr 20 11:53:29 ip-172-31-10-104 web[2304]:  File "/var/app/venv/staging-LQM1lest/lib64/python3.13/site-packages/rest_framework_simplejwt/__init__.py", line 1, in <module>
Apr 20 11:53:29 ip-172-31-10-104 web[2304]:    from pkg_resources import DistributionNotFound, get_distribution
Apr 20 11:53:29 ip-172-31-10-104 web[2304]: ModuleNotFoundError: No module named 'pkg_resources'
Apr 20 11:53:30 ip-172-31-10-104 web[2304]: [2025-04-20 11:53:29 +0000] [2304] [INFO] Worker exiting (pid: 2304)
Apr 20 11:53:30 ip-172-31-10-104 web[2300]: [2025-04-20 11:53:30 +0000] [2300] [ERROR] Worker (pid:2304) exited with code 3
Apr 20 11:53:30 ip-172-31-10-104 web[2300]: [2025-04-20 11:53:30 +0000] [2300] [ERROR] Shutting down: Master
Apr 20 11:53:30 ip-172-31-10-104 web[2300]: [2025-04-20 11:53:30 +0000] [2300] [ERROR] Reason: Worker failed to boot.
Apr 20 11:53:30 ip-172-31-10-104 web[2306]: [2025-04-20 11:53:30 +0000] [2306] [INFO] Starting gunicorn 23.0.0
Apr 20 11:53:30 ip-172-31-10-104 web[2306]: [2025-04-20 11:53:30 +0000] [2306] [INFO] Listening at: http://0.0.0.0:8000 (2306)
Apr 20 11:53:30 ip-172-31-10-104 web[2306]: [2025-04-20 11:53:30 +0000] [2306] [INFO] Using worker: sync
Apr 20 11:53:30 ip-172-31-10-104 web[2310]: [2025-04-20 11:53:30 +0000] [2310] [INFO] Booting worker with pid: 2310
Apr 20 11:53:30 ip-172-31-10-104 web[2310]: [2025-04-20 11:53:30 +0000] [2310] [ERROR] Exception in worker process
Apr 20 11:53:30 ip-172-31-10-104 web[2310]: Traceback (most recent call last):
Apr 20 11:53:30 ip-172-31-10-104 web[2310]:  File "/var/app/venv/staging-LQM1lest/lib64/python3.13/site-packages/gunicorn/arbiter.py", line 608, in spawn_worker
Apr 20 11:53:30 ip-172-31-10-104 web[2310]:    worker.init_process()
Apr 20 11:53:30 ip-172-31-10-104 web[2310]:    ~~~~~~~~~~~~~~~~~~~^^
Apr 20 11:53:30 ip-172-31-10-104 web[2310]:  File "/var/app/venv/staging-LQM1lest/lib64/python3.13/site-packages/gunicorn/workers/base.py", line 135, in init_process
Apr 20 11:53:30 ip-172-31-10-104 web[2310]:    self.load_wsgi()
Apr 20 11:53:30 ip-172-31-10-104 web[2310]:    ~~~~~~~~~~~~~~^^
Apr 20 11:53:30 ip-172-31-10-104 web[2310]:  File "/var/app/venv/staging-LQM1lest/lib64/python3.13/site-packages/gunicorn/workers/base.py", line 147, in load_wsgi
Apr 20 11:53:30 ip-172-31-10-104 web[2310]:    self.wsgi = self.app.wsgi()
Apr 20 11:53:30 ip-172-31-10-104 web[2310]:                ~~~~~~~~~~~~~^^
Apr 20 11:53:30 ip-172-31-10-104 web[2310]:  File "/var/app/venv/staging-LQM1lest/lib64/python3.13/site-packages/gunicorn/app/base.py", line 66, in wsgi
Apr 20 11:53:30 ip-172-31-10-104 web[2310]:    self.callable = self.load()
Apr 20 11:53:30 ip-172-31-10-104 web[2310]:                    ~~~~~~~~~^^
Apr 20 11:53:30 ip-172-31-10-104 web[2310]:  File "/var/app/venv/staging-LQM1lest/lib64/python3.13/site-packages/gunicorn/app/wsgiapp.py", line 57, in load
Apr 20 11:53:30 ip-172-31-10-104 web[2310]:    return self.load_wsgiapp()
Apr 20 11:53:30 ip-172-31-10-104 web[2310]:           ~~~~~~~~~~~~~~~~~^^
Apr 20 11:53:30 ip-172-31-10-104 web[2310]:  File "/var/app/venv/staging-LQM1lest/lib64/python3.13/site-packages/gunicorn/app/wsgiapp.py", line 47, in load_wsgiapp
Apr 20 11:53:30 ip-172-31-10-104 web[2310]:    return util.import_app(self.app_uri)
Apr 20 11:53:30 ip-172-31-10-104 web[2310]:           ~~~~~~~~~~~~~~~^^^^^^^^^^^^^^
Apr 20 11:53:30 ip-172-31-10-104 web[2310]:  File "/var/app/venv/staging-LQM1lest/lib64/python3.13/site-packages/gunicorn/util.py", line 370, in import_app
Apr 20 11:53:30 ip-172-31-10-104 web[2310]:    mod = importlib.import_module(module)
Apr 20 11:53:30 ip-172-31-10-104 web[2310]:  File "/usr/lib64/python3.13/importlib/__init__.py", line 88, in import_module
Apr 20 11:53:30 ip-172-31-10-104 web[2310]:    return _bootstrap._gcd_import(name[level:], package, level)
Apr 20 11:53:30 ip-172-31-10-104 web[2310]:           ~~~~~~~~~~~~~~~~~~~~~~^^^^^^^^^^^^^^^^^^^^^^^^^^^^^^
Apr 20 11:53:30 ip-172-31-10-104 web[2310]:  File "<frozen importlib._bootstrap>", line 1387, in _gcd_import
Apr 20 11:53:30 ip-172-31-10-104 web[2310]:  File "<frozen importlib._bootstrap>", line 1360, in _find_and_load
Apr 20 11:53:30 ip-172-31-10-104 web[2310]:  File "<frozen importlib._bootstrap>", line 1331, in _find_and_load_unlocked
Apr 20 11:53:30 ip-172-31-10-104 web[2310]:  File "<frozen importlib._bootstrap>", line 935, in _load_unlocked
Apr 20 11:53:30 ip-172-31-10-104 web[2310]:  File "<frozen importlib._bootstrap_external>", line 1026, in exec_module
Apr 20 11:53:30 ip-172-31-10-104 web[2310]:  File "<frozen importlib._bootstrap>", line 488, in _call_with_frames_removed
Apr 20 11:53:30 ip-172-31-10-104 web[2310]:  File "/var/app/current/bhara/wsgi.py", line 16, in <module>
Apr 20 11:53:30 ip-172-31-10-104 web[2310]:    application = get_wsgi_application()
Apr 20 11:53:30 ip-172-31-10-104 web[2310]:  File "/var/app/venv/staging-LQM1lest/lib64/python3.13/site-packages/django/core/wsgi.py", line 12, in get_wsgi_application
Apr 20 11:53:30 ip-172-31-10-104 web[2310]:    django.setup(set_prefix=False)
Apr 20 11:53:30 ip-172-31-10-104 web[2310]:    ~~~~~~~~~~~~^^^^^^^^^^^^^^^^^^
Apr 20 11:53:30 ip-172-31-10-104 web[2310]:  File "/var/app/venv/staging-LQM1lest/lib64/python3.13/site-packages/django/__init__.py", line 24, in setup
Apr 20 11:53:30 ip-172-31-10-104 web[2310]:    apps.populate(settings.INSTALLED_APPS)
Apr 20 11:53:30 ip-172-31-10-104 web[2310]:    ~~~~~~~~~~~~~^^^^^^^^^^^^^^^^^^^^^^^^^
Apr 20 11:53:30 ip-172-31-10-104 web[2310]:  File "/var/app/venv/staging-LQM1lest/lib64/python3.13/site-packages/django/apps/registry.py", line 91, in populate
Apr 20 11:53:30 ip-172-31-10-104 web[2310]:    app_config = AppConfig.create(entry)
Apr 20 11:53:30 ip-172-31-10-104 web[2310]:  File "/var/app/venv/staging-LQM1lest/lib64/python3.13/site-packages/django/apps/config.py", line 193, in create
Apr 20 11:53:30 ip-172-31-10-104 web[2310]:    import_module(entry)
Apr 20 11:53:30 ip-172-31-10-104 web[2310]:    ~~~~~~~~~~~~~^^^^^^^
Apr 20 11:53:30 ip-172-31-10-104 web[2310]:  File "/usr/lib64/python3.13/importlib/__init__.py", line 88, in import_module
Apr 20 11:53:30 ip-172-31-10-104 web[2310]:    return _bootstrap._gcd_import(name[level:], package, level)
Apr 20 11:53:30 ip-172-31-10-104 web[2310]:           ~~~~~~~~~~~~~~~~~~~~~~^^^^^^^^^^^^^^^^^^^^^^^^^^^^^^
Apr 20 11:53:30 ip-172-31-10-104 web[2310]:  File "<frozen importlib._bootstrap>", line 1387, in _gcd_import
Apr 20 11:53:30 ip-172-31-10-104 web[2310]:  File "<frozen importlib._bootstrap>", line 1360, in _find_and_load
Apr 20 11:53:30 ip-172-31-10-104 web[2310]:  File "<frozen importlib._bootstrap>", line 1331, in _find_and_load_unlocked
Apr 20 11:53:30 ip-172-31-10-104 web[2310]:  File "<frozen importlib._bootstrap>", line 935, in _load_unlocked
Apr 20 11:53:30 ip-172-31-10-104 web[2310]:  File "<frozen importlib._bootstrap_external>", line 1026, in exec_module
Apr 20 11:53:30 ip-172-31-10-104 web[2310]:  File "<frozen importlib._bootstrap>", line 488, in _call_with_frames_removed
Apr 20 11:53:30 ip-172-31-10-104 web[2310]:  File "/var/app/venv/staging-LQM1lest/lib64/python3.13/site-packages/rest_framework_simplejwt/__init__.py", line 1, in <module>
Apr 20 11:53:30 ip-172-31-10-104 web[2310]:    from pkg_resources import DistributionNotFound, get_distribution
Apr 20 11:53:30 ip-172-31-10-104 web[2310]: ModuleNotFoundError: No module named 'pkg_resources'
Apr 20 11:53:30 ip-172-31-10-104 web[2310]: [2025-04-20 11:53:30 +0000] [2310] [INFO] Worker exiting (pid: 2310)
Apr 20 11:53:30 ip-172-31-10-104 web[2306]: [2025-04-20 11:53:30 +0000] [2306] [ERROR] Worker (pid:2310) exited with code 3
Apr 20 11:53:30 ip-172-31-10-104 web[2306]: [2025-04-20 11:53:30 +0000] [2306] [ERROR] Shutting down: Master
Apr 20 11:53:30 ip-172-31-10-104 web[2306]: [2025-04-20 11:53:30 +0000] [2306] [ERROR] Reason: Worker failed to boot.
Apr 20 11:53:31 ip-172-31-10-104 web[2312]: [2025-04-20 11:53:31 +0000] [2312] [INFO] Starting gunicorn 23.0.0
Apr 20 11:53:31 ip-172-31-10-104 web[2312]: [2025-04-20 11:53:31 +0000] [2312] [INFO] Listening at: http://0.0.0.0:8000 (2312)
Apr 20 11:53:31 ip-172-31-10-104 web[2312]: [2025-04-20 11:53:31 +0000] [2312] [INFO] Using worker: sync
Apr 20 11:53:31 ip-172-31-10-104 web[2316]: [2025-04-20 11:53:31 +0000] [2316] [INFO] Booting worker with pid: 2316
Apr 20 11:53:31 ip-172-31-10-104 web[2316]: [2025-04-20 11:53:31 +0000] [2316] [ERROR] Exception in worker process
Apr 20 11:53:31 ip-172-31-10-104 web[2316]: Traceback (most recent call last):
Apr 20 11:53:31 ip-172-31-10-104 web[2316]:  File "/var/app/venv/staging-LQM1lest/lib64/python3.13/site-packages/gunicorn/arbiter.py", line 608, in spawn_worker
Apr 20 11:53:31 ip-172-31-10-104 web[2316]:    worker.init_process()
Apr 20 11:53:31 ip-172-31-10-104 web[2316]:    ~~~~~~~~~~~~~~~~~~~^^
Apr 20 11:53:31 ip-172-31-10-104 web[2316]:  File "/var/app/venv/staging-LQM1lest/lib64/python3.13/site-packages/gunicorn/workers/base.py", line 135, in init_process
Apr 20 11:53:31 ip-172-31-10-104 web[2316]:    self.load_wsgi()
Apr 20 11:53:31 ip-172-31-10-104 web[2316]:    ~~~~~~~~~~~~~~^^
Apr 20 11:53:31 ip-172-31-10-104 web[2316]:  File "/var/app/venv/staging-LQM1lest/lib64/python3.13/site-packages/gunicorn/workers/base.py", line 147, in load_wsgi
Apr 20 11:53:31 ip-172-31-10-104 web[2316]:    self.wsgi = self.app.wsgi()
Apr 20 11:53:31 ip-172-31-10-104 web[2316]:                ~~~~~~~~~~~~~^^
Apr 20 11:53:31 ip-172-31-10-104 web[2316]:  File "/var/app/venv/staging-LQM1lest/lib64/python3.13/site-packages/gunicorn/app/base.py", line 66, in wsgi
Apr 20 11:53:31 ip-172-31-10-104 web[2316]:    self.callable = self.load()
Apr 20 11:53:31 ip-172-31-10-104 web[2316]:                    ~~~~~~~~~^^
Apr 20 11:53:31 ip-172-31-10-104 web[2316]:  File "/var/app/venv/staging-LQM1lest/lib64/python3.13/site-packages/gunicorn/app/wsgiapp.py", line 57, in load
Apr 20 11:53:31 ip-172-31-10-104 web[2316]:    return self.load_wsgiapp()
Apr 20 11:53:31 ip-172-31-10-104 web[2316]:           ~~~~~~~~~~~~~~~~~^^
Apr 20 11:53:31 ip-172-31-10-104 web[2316]:  File "/var/app/venv/staging-LQM1lest/lib64/python3.13/site-packages/gunicorn/app/wsgiapp.py", line 47, in load_wsgiapp
Apr 20 11:53:31 ip-172-31-10-104 web[2316]:    return util.import_app(self.app_uri)
Apr 20 11:53:31 ip-172-31-10-104 web[2316]:           ~~~~~~~~~~~~~~~^^^^^^^^^^^^^^
Apr 20 11:53:31 ip-172-31-10-104 web[2316]:  File "/var/app/venv/staging-LQM1lest/lib64/python3.13/site-packages/gunicorn/util.py", line 370, in import_app
Apr 20 11:53:31 ip-172-31-10-104 web[2316]:    mod = importlib.import_module(module)
Apr 20 11:53:31 ip-172-31-10-104 web[2316]:  File "/usr/lib64/python3.13/importlib/__init__.py", line 88, in import_module
Apr 20 11:53:31 ip-172-31-10-104 web[2316]:    return _bootstrap._gcd_import(name[level:], package, level)
Apr 20 11:53:31 ip-172-31-10-104 web[2316]:           ~~~~~~~~~~~~~~~~~~~~~~^^^^^^^^^^^^^^^^^^^^^^^^^^^^^^
Apr 20 11:53:31 ip-172-31-10-104 web[2316]:  File "<frozen importlib._bootstrap>", line 1387, in _gcd_import
Apr 20 11:53:31 ip-172-31-10-104 web[2316]:  File "<frozen importlib._bootstrap>", line 1360, in _find_and_load
Apr 20 11:53:31 ip-172-31-10-104 web[2316]:  File "<frozen importlib._bootstrap>", line 1331, in _find_and_load_unlocked
Apr 20 11:53:31 ip-172-31-10-104 web[2316]:  File "<frozen importlib._bootstrap>", line 935, in _load_unlocked
Apr 20 11:53:31 ip-172-31-10-104 web[2316]:  File "<frozen importlib._bootstrap_external>", line 1026, in exec_module
Apr 20 11:53:31 ip-172-31-10-104 web[2316]:  File "<frozen importlib._bootstrap>", line 488, in _call_with_frames_removed
Apr 20 11:53:31 ip-172-31-10-104 web[2316]:  File "/var/app/current/bhara/wsgi.py", line 16, in <module>
Apr 20 11:53:31 ip-172-31-10-104 web[2316]:    application = get_wsgi_application()
Apr 20 11:53:31 ip-172-31-10-104 web[2316]:  File "/var/app/venv/staging-LQM1lest/lib64/python3.13/site-packages/django/core/wsgi.py", line 12, in get_wsgi_application
Apr 20 11:53:31 ip-172-31-10-104 web[2316]:    django.setup(set_prefix=False)
Apr 20 11:53:31 ip-172-31-10-104 web[2316]:    ~~~~~~~~~~~~^^^^^^^^^^^^^^^^^^
Apr 20 11:53:31 ip-172-31-10-104 web[2316]:  File "/var/app/venv/staging-LQM1lest/lib64/python3.13/site-packages/django/__init__.py", line 24, in setup
Apr 20 11:53:31 ip-172-31-10-104 web[2316]:    apps.populate(settings.INSTALLED_APPS)
Apr 20 11:53:31 ip-172-31-10-104 web[2316]:    ~~~~~~~~~~~~~^^^^^^^^^^^^^^^^^^^^^^^^^
Apr 20 11:53:31 ip-172-31-10-104 web[2316]:  File "/var/app/venv/staging-LQM1lest/lib64/python3.13/site-packages/django/apps/registry.py", line 91, in populate
Apr 20 11:53:31 ip-172-31-10-104 web[2316]:    app_config = AppConfig.create(entry)
Apr 20 11:53:31 ip-172-31-10-104 web[2316]:  File "/var/app/venv/staging-LQM1lest/lib64/python3.13/site-packages/django/apps/config.py", line 193, in create
Apr 20 11:53:31 ip-172-31-10-104 web[2316]:    import_module(entry)
Apr 20 11:53:31 ip-172-31-10-104 web[2316]:    ~~~~~~~~~~~~~^^^^^^^
Apr 20 11:53:31 ip-172-31-10-104 web[2316]:  File "/usr/lib64/python3.13/importlib/__init__.py", line 88, in import_module
Apr 20 11:53:31 ip-172-31-10-104 web[2316]:    return _bootstrap._gcd_import(name[level:], package, level)
Apr 20 11:53:31 ip-172-31-10-104 web[2316]:           ~~~~~~~~~~~~~~~~~~~~~~^^^^^^^^^^^^^^^^^^^^^^^^^^^^^^
Apr 20 11:53:31 ip-172-31-10-104 web[2316]:  File "<frozen importlib._bootstrap>", line 1387, in _gcd_import
Apr 20 11:53:31 ip-172-31-10-104 web[2316]:  File "<frozen importlib._bootstrap>", line 1360, in _find_and_load
Apr 20 11:53:31 ip-172-31-10-104 web[2316]:  File "<frozen importlib._bootstrap>", line 1331, in _find_and_load_unlocked
Apr 20 11:53:31 ip-172-31-10-104 web[2316]:  File "<frozen importlib._bootstrap>", line 935, in _load_unlocked
Apr 20 11:53:31 ip-172-31-10-104 web[2316]:  File "<frozen importlib._bootstrap_external>", line 1026, in exec_module
Apr 20 11:53:31 ip-172-31-10-104 web[2316]:  File "<frozen importlib._bootstrap>", line 488, in _call_with_frames_removed
Apr 20 11:53:31 ip-172-31-10-104 web[2316]:  File "/var/app/venv/staging-LQM1lest/lib64/python3.13/site-packages/rest_framework_simplejwt/__init__.py", line 1, in <module>
Apr 20 11:53:31 ip-172-31-10-104 web[2316]:    from pkg_resources import DistributionNotFound, get_distribution
Apr 20 11:53:31 ip-172-31-10-104 web[2316]: ModuleNotFoundError: No module named 'pkg_resources'
Apr 20 11:53:31 ip-172-31-10-104 web[2316]: [2025-04-20 11:53:31 +0000] [2316] [INFO] Worker exiting (pid: 2316)
Apr 20 11:53:31 ip-172-31-10-104 web[2312]: [2025-04-20 11:53:31 +0000] [2312] [ERROR] Worker (pid:2316) exited with code 3
Apr 20 11:53:31 ip-172-31-10-104 web[2312]: [2025-04-20 11:53:31 +0000] [2312] [ERROR] Shutting down: Master
Apr 20 11:53:31 ip-172-31-10-104 web[2312]: [2025-04-20 11:53:31 +0000] [2312] [ERROR] Reason: Worker failed to boot.
Apr 20 11:53:32 ip-172-31-10-104 web[2318]: [2025-04-20 11:53:32 +0000] [2318] [INFO] Starting gunicorn 23.0.0
Apr 20 11:53:32 ip-172-31-10-104 web[2318]: [2025-04-20 11:53:32 +0000] [2318] [INFO] Listening at: http://0.0.0.0:8000 (2318)
Apr 20 11:53:32 ip-172-31-10-104 web[2318]: [2025-04-20 11:53:32 +0000] [2318] [INFO] Using worker: sync
Apr 20 11:53:32 ip-172-31-10-104 web[2322]: [2025-04-20 11:53:32 +0000] [2322] [INFO] Booting worker with pid: 2322
Apr 20 11:53:32 ip-172-31-10-104 web[2322]: [2025-04-20 11:53:32 +0000] [2322] [ERROR] Exception in worker process
Apr 20 11:53:32 ip-172-31-10-104 web[2322]: Traceback (most recent call last):
Apr 20 11:53:32 ip-172-31-10-104 web[2322]:  File "/var/app/venv/staging-LQM1lest/lib64/python3.13/site-packages/gunicorn/arbiter.py", line 608, in spawn_worker
Apr 20 11:53:32 ip-172-31-10-104 web[2322]:    worker.init_process()
Apr 20 11:53:32 ip-172-31-10-104 web[2322]:    ~~~~~~~~~~~~~~~~~~~^^
Apr 20 11:53:32 ip-172-31-10-104 web[2322]:  File "/var/app/venv/staging-LQM1lest/lib64/python3.13/site-packages/gunicorn/workers/base.py", line 135, in init_process
Apr 20 11:53:32 ip-172-31-10-104 web[2322]:    self.load_wsgi()
Apr 20 11:53:32 ip-172-31-10-104 web[2322]:    ~~~~~~~~~~~~~~^^
Apr 20 11:53:32 ip-172-31-10-104 web[2322]:  File "/var/app/venv/staging-LQM1lest/lib64/python3.13/site-packages/gunicorn/workers/base.py", line 147, in load_wsgi
Apr 20 11:53:32 ip-172-31-10-104 web[2322]:    self.wsgi = self.app.wsgi()
Apr 20 11:53:32 ip-172-31-10-104 web[2322]:                ~~~~~~~~~~~~~^^
Apr 20 11:53:32 ip-172-31-10-104 web[2322]:  File "/var/app/venv/staging-LQM1lest/lib64/python3.13/site-packages/gunicorn/app/base.py", line 66, in wsgi
Apr 20 11:53:32 ip-172-31-10-104 web[2322]:    self.callable = self.load()
Apr 20 11:53:32 ip-172-31-10-104 web[2322]:                    ~~~~~~~~~^^
Apr 20 11:53:32 ip-172-31-10-104 web[2322]:  File "/var/app/venv/staging-LQM1lest/lib64/python3.13/site-packages/gunicorn/app/wsgiapp.py", line 57, in load
Apr 20 11:53:32 ip-172-31-10-104 web[2322]:    return self.load_wsgiapp()
Apr 20 11:53:32 ip-172-31-10-104 web[2322]:           ~~~~~~~~~~~~~~~~~^^
Apr 20 11:53:32 ip-172-31-10-104 web[2322]:  File "/var/app/venv/staging-LQM1lest/lib64/python3.13/site-packages/gunicorn/app/wsgiapp.py", line 47, in load_wsgiapp
Apr 20 11:53:32 ip-172-31-10-104 web[2322]:    return util.import_app(self.app_uri)
Apr 20 11:53:32 ip-172-31-10-104 web[2322]:           ~~~~~~~~~~~~~~~^^^^^^^^^^^^^^
Apr 20 11:53:32 ip-172-31-10-104 web[2322]:  File "/var/app/venv/staging-LQM1lest/lib64/python3.13/site-packages/gunicorn/util.py", line 370, in import_app
Apr 20 11:53:32 ip-172-31-10-104 web[2322]:    mod = importlib.import_module(module)
Apr 20 11:53:32 ip-172-31-10-104 web[2322]:  File "/usr/lib64/python3.13/importlib/__init__.py", line 88, in import_module
Apr 20 11:53:32 ip-172-31-10-104 web[2322]:    return _bootstrap._gcd_import(name[level:], package, level)
Apr 20 11:53:32 ip-172-31-10-104 web[2322]:           ~~~~~~~~~~~~~~~~~~~~~~^^^^^^^^^^^^^^^^^^^^^^^^^^^^^^
Apr 20 11:53:32 ip-172-31-10-104 web[2322]:  File "<frozen importlib._bootstrap>", line 1387, in _gcd_import
Apr 20 11:53:32 ip-172-31-10-104 web[2322]:  File "<frozen importlib._bootstrap>", line 1360, in _find_and_load
Apr 20 11:53:32 ip-172-31-10-104 web[2322]:  File "<frozen importlib._bootstrap>", line 1331, in _find_and_load_unlocked
Apr 20 11:53:32 ip-172-31-10-104 web[2322]:  File "<frozen importlib._bootstrap>", line 935, in _load_unlocked
Apr 20 11:53:32 ip-172-31-10-104 web[2322]:  File "<frozen importlib._bootstrap_external>", line 1026, in exec_module
Apr 20 11:53:32 ip-172-31-10-104 web[2322]:  File "<frozen importlib._bootstrap>", line 488, in _call_with_frames_removed
Apr 20 11:53:32 ip-172-31-10-104 web[2322]:  File "/var/app/current/bhara/wsgi.py", line 16, in <module>
Apr 20 11:53:32 ip-172-31-10-104 web[2322]:    application = get_wsgi_application()
Apr 20 11:53:32 ip-172-31-10-104 web[2322]:  File "/var/app/venv/staging-LQM1lest/lib64/python3.13/site-packages/django/core/wsgi.py", line 12, in get_wsgi_application
Apr 20 11:53:32 ip-172-31-10-104 web[2322]:    django.setup(set_prefix=False)
Apr 20 11:53:32 ip-172-31-10-104 web[2322]:    ~~~~~~~~~~~~^^^^^^^^^^^^^^^^^^
Apr 20 11:53:32 ip-172-31-10-104 web[2322]:  File "/var/app/venv/staging-LQM1lest/lib64/python3.13/site-packages/django/__init__.py", line 24, in setup
Apr 20 11:53:32 ip-172-31-10-104 web[2322]:    apps.populate(settings.INSTALLED_APPS)
Apr 20 11:53:32 ip-172-31-10-104 web[2322]:    ~~~~~~~~~~~~~^^^^^^^^^^^^^^^^^^^^^^^^^
Apr 20 11:53:32 ip-172-31-10-104 web[2322]:  File "/var/app/venv/staging-LQM1lest/lib64/python3.13/site-packages/django/apps/registry.py", line 91, in populate
Apr 20 11:53:32 ip-172-31-10-104 web[2322]:    app_config = AppConfig.create(entry)
Apr 20 11:53:32 ip-172-31-10-104 web[2322]:  File "/var/app/venv/staging-LQM1lest/lib64/python3.13/site-packages/django/apps/config.py", line 193, in create
Apr 20 11:53:32 ip-172-31-10-104 web[2322]:    import_module(entry)
Apr 20 11:53:32 ip-172-31-10-104 web[2322]:    ~~~~~~~~~~~~~^^^^^^^
Apr 20 11:53:32 ip-172-31-10-104 web[2322]:  File "/usr/lib64/python3.13/importlib/__init__.py", line 88, in import_module
Apr 20 11:53:32 ip-172-31-10-104 web[2322]:    return _bootstrap._gcd_import(name[level:], package, level)
Apr 20 11:53:32 ip-172-31-10-104 web[2322]:           ~~~~~~~~~~~~~~~~~~~~~~^^^^^^^^^^^^^^^^^^^^^^^^^^^^^^
Apr 20 11:53:32 ip-172-31-10-104 web[2322]:  File "<frozen importlib._bootstrap>", line 1387, in _gcd_import
Apr 20 11:53:32 ip-172-31-10-104 web[2322]:  File "<frozen importlib._bootstrap>", line 1360, in _find_and_load
Apr 20 11:53:32 ip-172-31-10-104 web[2322]:  File "<frozen importlib._bootstrap>", line 1331, in _find_and_load_unlocked
Apr 20 11:53:32 ip-172-31-10-104 web[2322]:  File "<frozen importlib._bootstrap>", line 935, in _load_unlocked
Apr 20 11:53:32 ip-172-31-10-104 web[2322]:  File "<frozen importlib._bootstrap_external>", line 1026, in exec_module
Apr 20 11:53:32 ip-172-31-10-104 web[2322]:  File "<frozen importlib._bootstrap>", line 488, in _call_with_frames_removed
Apr 20 11:53:32 ip-172-31-10-104 web[2322]:  File "/var/app/venv/staging-LQM1lest/lib64/python3.13/site-packages/rest_framework_simplejwt/__init__.py", line 1, in <module>
Apr 20 11:53:32 ip-172-31-10-104 web[2322]:    from pkg_resources import DistributionNotFound, get_distribution
Apr 20 11:53:32 ip-172-31-10-104 web[2322]: ModuleNotFoundError: No module named 'pkg_resources'
Apr 20 11:53:32 ip-172-31-10-104 web[2322]: [2025-04-20 11:53:32 +0000] [2322] [INFO] Worker exiting (pid: 2322)
Apr 20 11:53:32 ip-172-31-10-104 web[2318]: [2025-04-20 11:53:32 +0000] [2318] [ERROR] Worker (pid:2322) exited with code 3
Apr 20 11:53:32 ip-172-31-10-104 web[2318]: [2025-04-20 11:53:32 +0000] [2318] [ERROR] Shutting down: Master
Apr 20 11:53:32 ip-172-31-10-104 web[2318]: [2025-04-20 11:53:32 +0000] [2318] [ERROR] Reason: Worker failed to boot.
